{"D:\\Workspace\\hunkar\\alludo\\vue-login-form-challenge\\src\\App.vue": {"path":"D:\\Workspace\\hunkar\\alludo\\vue-login-form-challenge\\src\\App.vue","statementMap":{"0":{"start":{"line":2,"column":0},"end":{"line":2,"column":62}},"1":{"start":{"line":3,"column":0},"end":{"line":3,"column":24}},"2":{"start":{"line":4,"column":12},"end":{"line":4,"column":26}},"3":{"start":{"line":6,"column":33},"end":{"line":6,"column":75}},"4":{"start":{"line":7,"column":4},"end":{"line":7,"column":84}},"5":{"start":{"line":9,"column":0},"end":{"line":9,"column":24}},"6":{"start":{"line":10,"column":1},"end":{"line":10,"column":48}}},"fnMap":{"0":{"name":"render","decl":{"start":{"line":5,"column":9},"end":{"line":5,"column":15}},"loc":{"start":{"line":5,"column":30},"end":{"line":8,"column":1}},"line":5}},"branchMap":{},"s":{"0":0,"1":0,"2":0,"3":0,"4":0,"5":0,"6":0},"f":{"0":0},"b":{},"inputSourceMap":{"0":"{","1":"\"","2":"v","3":"e","4":"r","5":"s","6":"i","7":"o","8":"n","9":"\"","10":":","11":"3","12":",","13":"\"","14":"s","15":"o","16":"u","17":"r","18":"c","19":"e","20":"s","21":"\"","22":":","23":"[","24":"]","25":",","26":"\"","27":"n","28":"a","29":"m","30":"e","31":"s","32":"\"","33":":","34":"[","35":"]","36":",","37":"\"","38":"m","39":"a","40":"p","41":"p","42":"i","43":"n","44":"g","45":"s","46":"\"","47":":","48":"\"","49":"\"","50":",","51":"\"","52":"f","53":"i","54":"l","55":"e","56":"\"","57":":","58":"\"","59":"D","60":":","61":"\\","62":"\\","63":"W","64":"o","65":"r","66":"k","67":"s","68":"p","69":"a","70":"c","71":"e","72":"\\","73":"\\","74":"h","75":"u","76":"n","77":"k","78":"a","79":"r","80":"\\","81":"\\","82":"a","83":"l","84":"l","85":"u","86":"d","87":"o","88":"\\","89":"\\","90":"v","91":"u","92":"e","93":"-","94":"l","95":"o","96":"g","97":"i","98":"n","99":"-","100":"f","101":"o","102":"r","103":"m","104":"-","105":"c","106":"h","107":"a","108":"l","109":"l","110":"e","111":"n","112":"g","113":"e","114":"\\","115":"\\","116":"s","117":"r","118":"c","119":"\\","120":"\\","121":"A","122":"p","123":"p","124":".","125":"v","126":"u","127":"e","128":"\"","129":"}"}}
,"D:\\Workspace\\hunkar\\alludo\\vue-login-form-challenge\\src\\components\\RegisterSuccessfulCard.vue": {"path":"D:\\Workspace\\hunkar\\alludo\\vue-login-form-challenge\\src\\components\\RegisterSuccessfulCard.vue","statementMap":{"0":{"start":{"line":3,"column":0},"end":{"line":5,"column":3}},"1":{"start":{"line":6,"column":12},"end":{"line":6,"column":26}},"2":{"start":{"line":7,"column":0},"end":{"line":11,"column":3}},"3":{"start":{"line":12,"column":0},"end":{"line":12,"column":13}},"4":{"start":{"line":13,"column":0},"end":{"line":13,"column":62}},"5":{"start":{"line":14,"column":0},"end":{"line":14,"column":24}},"6":{"start":{"line":15,"column":12},"end":{"line":15,"column":26}},"7":{"start":{"line":16,"column":17},"end":{"line":19,"column":1}},"8":{"start":{"line":20,"column":17},"end":{"line":20,"column":27}},"9":{"start":{"line":22,"column":4},"end":{"line":27,"column":55}},"10":{"start":{"line":29,"column":0},"end":{"line":29,"column":24}},"11":{"start":{"line":30,"column":1},"end":{"line":30,"column":48}}},"fnMap":{"0":{"name":"render","decl":{"start":{"line":21,"column":9},"end":{"line":21,"column":15}},"loc":{"start":{"line":21,"column":30},"end":{"line":28,"column":1}},"line":21}},"branchMap":{"0":{"loc":{"start":{"line":24,"column":8},"end":{"line":26,"column":162}},"type":"cond-expr","locations":[{"start":{"line":25,"column":15},"end":{"line":25,"column":189}},{"start":{"line":26,"column":15},"end":{"line":26,"column":161}}],"line":24}},"s":{"0":2,"1":2,"2":2,"3":2,"4":2,"5":2,"6":2,"7":2,"8":2,"9":4,"10":2,"11":2},"f":{"0":4},"b":{"0":[3,1]},"inputSourceMap":{"0":"{","1":"\"","2":"v","3":"e","4":"r","5":"s","6":"i","7":"o","8":"n","9":"\"","10":":","11":"3","12":",","13":"\"","14":"s","15":"o","16":"u","17":"r","18":"c","19":"e","20":"s","21":"\"","22":":","23":"[","24":"\"","25":"D","26":":","27":"\\","28":"\\","29":"W","30":"o","31":"r","32":"k","33":"s","34":"p","35":"a","36":"c","37":"e","38":"\\","39":"\\","40":"h","41":"u","42":"n","43":"k","44":"a","45":"r","46":"\\","47":"\\","48":"a","49":"l","50":"l","51":"u","52":"d","53":"o","54":"\\","55":"\\","56":"v","57":"u","58":"e","59":"-","60":"l","61":"o","62":"g","63":"i","64":"n","65":"-","66":"f","67":"o","68":"r","69":"m","70":"-","71":"c","72":"h","73":"a","74":"l","75":"l","76":"e","77":"n","78":"g","79":"e","80":"\\","81":"\\","82":"s","83":"r","84":"c","85":"\\","86":"\\","87":"c","88":"o","89":"m","90":"p","91":"o","92":"n","93":"e","94":"n","95":"t","96":"s","97":"\\","98":"\\","99":"R","100":"e","101":"g","102":"i","103":"s","104":"t","105":"e","106":"r","107":"S","108":"u","109":"c","110":"c","111":"e","112":"s","113":"s","114":"f","115":"u","116":"l","117":"C","118":"a","119":"r","120":"d","121":".","122":"v","123":"u","124":"e","125":"\"","126":"]","127":",","128":"\"","129":"n","130":"a","131":"m","132":"e","133":"s","134":"\"","135":":","136":"[","137":"]","138":",","139":"\"","140":"m","141":"a","142":"p","143":"p","144":"i","145":"n","146":"g","147":"s","148":"\"","149":":","150":"\"","151":";","152":";","153":";","154":";","155":";","156":"A","157":"A","158":"S","159":"A","160":";","161":"A","162":"A","163":"G","164":"A","165":",","166":"k","167":"B","168":"A","169":"A","170":"e","171":",","172":"y","173":"B","174":"A","175":"A","176":"e","177":",","178":"E","179":"A","180":"A","181":"C","182":";","183":"E","184":"A","185":"C","186":"7","187":"B","188":",","189":"K","190":"A","191":"A","192":"K","193":",","194":"E","195":"A","196":"A","197":"E","198":";","199":"I","200":"A","201":"C","202":"L","203":",","204":"I","205":"A","206":"A","207":"I","208":",","209":"E","210":"A","211":"A","212":"E","213":";","214":";","215":"C","216":"A","217":"E","218":"T","219":",","220":"C","221":"A","222":"A","223":"C","224":"\"","225":",","226":"\"","227":"f","228":"i","229":"l","230":"e","231":"\"","232":":","233":"\"","234":"D","235":":","236":"\\","237":"\\","238":"W","239":"o","240":"r","241":"k","242":"s","243":"p","244":"a","245":"c","246":"e","247":"\\","248":"\\","249":"h","250":"u","251":"n","252":"k","253":"a","254":"r","255":"\\","256":"\\","257":"a","258":"l","259":"l","260":"u","261":"d","262":"o","263":"\\","264":"\\","265":"v","266":"u","267":"e","268":"-","269":"l","270":"o","271":"g","272":"i","273":"n","274":"-","275":"f","276":"o","277":"r","278":"m","279":"-","280":"c","281":"h","282":"a","283":"l","284":"l","285":"e","286":"n","287":"g","288":"e","289":"\\","290":"\\","291":"s","292":"r","293":"c","294":"\\","295":"\\","296":"c","297":"o","298":"m","299":"p","300":"o","301":"n","302":"e","303":"n","304":"t","305":"s","306":"\\","307":"\\","308":"R","309":"e","310":"g","311":"i","312":"s","313":"t","314":"e","315":"r","316":"S","317":"u","318":"c","319":"c","320":"e","321":"s","322":"s","323":"f","324":"u","325":"l","326":"C","327":"a","328":"r","329":"d","330":".","331":"v","332":"u","333":"e","334":"\"","335":",","336":"\"","337":"s","338":"o","339":"u","340":"r","341":"c","342":"e","343":"s","344":"C","345":"o","346":"n","347":"t","348":"e","349":"n","350":"t","351":"\"","352":":","353":"[","354":"\"","355":"<","356":"t","357":"e","358":"m","359":"p","360":"l","361":"a","362":"t","363":"e","364":">","365":"\\","366":"n","367":" ","368":" ","369":"<","370":"!","371":"-","372":"-","373":" ","374":"I","375":"f","376":" ","377":"t","378":"h","379":"e","380":"r","381":"e","382":" ","383":"i","384":"s","385":" ","386":"a","387":" ","388":"u","389":"s","390":"e","391":"r","392":",","393":" ","394":"i","395":"t","396":" ","397":"s","398":"h","399":"o","400":"w","401":"s","402":" ","403":"u","404":"s","405":"e","406":"r","407":".","408":" ","409":"O","410":"t","411":"h","412":"e","413":"r","414":"w","415":"i","416":"s","417":"e","418":" ","419":"i","420":"t","421":" ","422":"s","423":"h","424":"o","425":"w","426":"s","427":" ","428":"e","429":"r","430":"r","431":"o","432":"r","433":" ","434":"t","435":"e","436":"x","437":"t","438":" ","439":"-","440":"-","441":">","442":"\\","443":"n","444":" ","445":" ","446":"<","447":"d","448":"i","449":"v","450":" ","451":"i","452":"d","453":"=","454":"\\","455":"\"","456":"u","457":"s","458":"e","459":"r","460":"S","461":"u","462":"c","463":"c","464":"e","465":"s","466":"s","467":"f","468":"u","469":"l","470":"T","471":"e","472":"x","473":"t","474":"\\","475":"\"","476":" ","477":"v","478":"-","479":"i","480":"f","481":"=","482":"\\","483":"\"","484":"u","485":"s","486":"e","487":"r","488":"\\","489":"\"","490":">","491":"\\","492":"n","493":" ","494":" ","495":" ","496":" ","497":"{","498":"{","499":" ","500":"$","501":"t","502":"(","503":"\\","504":"\"","505":"l","506":"a","507":"b","508":"e","509":"l","510":"s","511":".","512":"s","513":"u","514":"c","515":"c","516":"e","517":"s","518":"s","519":"f","520":"u","521":"l","522":"l","523":"R","524":"e","525":"g","526":"i","527":"s","528":"t","529":"e","530":"r","531":"\\","532":"\"","533":",","534":" ","535":"{","536":" ","537":"u","538":"s","539":"e","540":"r","541":" ","542":"}","543":")","544":" ","545":"}","546":"}","547":"\\","548":"n","549":" ","550":" ","551":"<","552":"/","553":"d","554":"i","555":"v","556":">","557":"\\","558":"n","559":" ","560":" ","561":"<","562":"d","563":"i","564":"v","565":" ","566":"v","567":"-","568":"e","569":"l","570":"s","571":"e","572":">","573":"{","574":"{","575":" ","576":"$","577":"t","578":"(","579":"\\","580":"\"","581":"l","582":"a","583":"b","584":"e","585":"l","586":"s","587":".","588":"e","589":"r","590":"r","591":"o","592":"r","593":"O","594":"c","595":"c","596":"u","597":"r","598":"e","599":"d","600":"\\","601":"\"","602":")","603":" ","604":"}","605":"}","606":"<","607":"/","608":"d","609":"i","610":"v","611":">","612":"\\","613":"n","614":"<","615":"/","616":"t","617":"e","618":"m","619":"p","620":"l","621":"a","622":"t","623":"e","624":">","625":"\\","626":"n","627":"\\","628":"n","629":"<","630":"s","631":"c","632":"r","633":"i","634":"p","635":"t","636":" ","637":"l","638":"a","639":"n","640":"g","641":"=","642":"\\","643":"\"","644":"t","645":"s","646":"\\","647":"\"","648":">","649":"\\","650":"n","651":"i","652":"m","653":"p","654":"o","655":"r","656":"t","657":" ","658":"{","659":" ","660":"d","661":"e","662":"f","663":"i","664":"n","665":"e","666":"C","667":"o","668":"m","669":"p","670":"o","671":"n","672":"e","673":"n","674":"t","675":" ","676":"}","677":" ","678":"f","679":"r","680":"o","681":"m","682":" ","683":"\\","684":"\"","685":"v","686":"u","687":"e","688":"\\","689":"\"","690":";","691":"\\","692":"n","693":"\\","694":"n","695":"\\","696":"n","697":"e","698":"x","699":"p","700":"o","701":"r","702":"t","703":" ","704":"d","705":"e","706":"f","707":"a","708":"u","709":"l","710":"t","711":" ","712":"d","713":"e","714":"f","715":"i","716":"n","717":"e","718":"C","719":"o","720":"m","721":"p","722":"o","723":"n","724":"e","725":"n","726":"t","727":"(","728":"{","729":"\\","730":"n","731":" ","732":" ","733":"p","734":"r","735":"o","736":"p","737":"s","738":":","739":" ","740":"{","741":"\\","742":"n","743":" ","744":" ","745":" ","746":" ","747":"u","748":"s","749":"e","750":"r","751":":","752":" ","753":"n","754":"u","755":"l","756":"l","757":",","758":"\\","759":"n","760":" ","761":" ","762":"}","763":",","764":"\\","765":"n","766":"}","767":")","768":";","769":"\\","770":"n","771":"<","772":"/","773":"s","774":"c","775":"r","776":"i","777":"p","778":"t","779":">","780":"\\","781":"n","782":"\"","783":"]","784":"}"},"_coverageSchema":"1a1c01bbd47fc00a2c39e90264f33305004495a9","hash":"d5bb4142cec8d2918d27e91c7ae3617b0056d552"}
,"D:\\Workspace\\hunkar\\alludo\\vue-login-form-challenge\\src\\components\\SignupForm.vue": {"path":"D:\\Workspace\\hunkar\\alludo\\vue-login-form-challenge\\src\\components\\SignupForm.vue","statementMap":{"0":{"start":{"line":3,"column":15},"end":{"line":12,"column":1}},"1":{"start":{"line":4,"column":2},"end":{"line":10,"column":4}},"2":{"start":{"line":5,"column":4},"end":{"line":8,"column":5}},"3":{"start":{"line":5,"column":20},"end":{"line":5,"column":21}},"4":{"start":{"line":5,"column":27},"end":{"line":5,"column":43}},"5":{"start":{"line":6,"column":6},"end":{"line":6,"column":23}},"6":{"start":{"line":7,"column":6},"end":{"line":7,"column":83}},"7":{"start":{"line":7,"column":23},"end":{"line":7,"column":83}},"8":{"start":{"line":7,"column":71},"end":{"line":7,"column":83}},"9":{"start":{"line":9,"column":4},"end":{"line":9,"column":13}},"10":{"start":{"line":11,"column":2},"end":{"line":11,"column":41}},"11":{"start":{"line":13,"column":22},"end":{"line":17,"column":1}},"12":{"start":{"line":14,"column":2},"end":{"line":16,"column":4}},"13":{"start":{"line":18,"column":0},"end":{"line":20,"column":3}},"14":{"start":{"line":21,"column":12},"end":{"line":21,"column":26}},"15":{"start":{"line":22,"column":29},"end":{"line":22,"column":73}},"16":{"start":{"line":23,"column":24},"end":{"line":23,"column":63}},"17":{"start":{"line":24,"column":13},"end":{"line":24,"column":47}},"18":{"start":{"line":25,"column":29},"end":{"line":25,"column":73}},"19":{"start":{"line":26,"column":13},"end":{"line":26,"column":56}},"20":{"start":{"line":27,"column":19},"end":{"line":27,"column":51}},"21":{"start":{"line":29,"column":0},"end":{"line":29,"column":100}},"22":{"start":{"line":30,"column":0},"end":{"line":97,"column":3}},"23":{"start":{"line":33,"column":4},"end":{"line":35,"column":6}},"24":{"start":{"line":39,"column":4},"end":{"line":47,"column":6}},"25":{"start":{"line":51,"column":4},"end":{"line":74,"column":6}},"26":{"start":{"line":79,"column":6},"end":{"line":79,"column":63}},"27":{"start":{"line":83,"column":6},"end":{"line":83,"column":45}},"28":{"start":{"line":98,"column":0},"end":{"line":98,"column":13}},"29":{"start":{"line":99,"column":0},"end":{"line":99,"column":62}},"30":{"start":{"line":100,"column":0},"end":{"line":100,"column":24}},"31":{"start":{"line":101,"column":12},"end":{"line":101,"column":26}},"32":{"start":{"line":102,"column":17},"end":{"line":102,"column":52}},"33":{"start":{"line":103,"column":17},"end":{"line":103,"column":32}},"34":{"start":{"line":104,"column":17},"end":{"line":104,"column":56}},"35":{"start":{"line":105,"column":17},"end":{"line":105,"column":32}},"36":{"start":{"line":106,"column":17},"end":{"line":106,"column":56}},"37":{"start":{"line":107,"column":17},"end":{"line":107,"column":32}},"38":{"start":{"line":108,"column":17},"end":{"line":108,"column":56}},"39":{"start":{"line":109,"column":17},"end":{"line":109,"column":32}},"40":{"start":{"line":110,"column":17},"end":{"line":110,"column":32}},"41":{"start":{"line":111,"column":18},"end":{"line":111,"column":57}},"42":{"start":{"line":112,"column":18},"end":{"line":112,"column":35}},"43":{"start":{"line":113,"column":18},"end":{"line":113,"column":30}},"44":{"start":{"line":115,"column":39},"end":{"line":115,"column":87}},"45":{"start":{"line":116,"column":4},"end":{"line":252,"column":8}},"46":{"start":{"line":122,"column":27},"end":{"line":122,"column":29}},"47":{"start":{"line":123,"column":16},"end":{"line":125,"column":17}},"48":{"start":{"line":123,"column":30},"end":{"line":123,"column":31}},"49":{"start":{"line":124,"column":20},"end":{"line":124,"column":45}},"50":{"start":{"line":126,"column":16},"end":{"line":126,"column":74}},"51":{"start":{"line":137,"column":89},"end":{"line":137,"column":135}},"52":{"start":{"line":144,"column":20},"end":{"line":149,"column":24}},"53":{"start":{"line":160,"column":89},"end":{"line":160,"column":139}},"54":{"start":{"line":167,"column":20},"end":{"line":172,"column":24}},"55":{"start":{"line":183,"column":89},"end":{"line":183,"column":138}},"56":{"start":{"line":190,"column":20},"end":{"line":195,"column":24}},"57":{"start":{"line":209,"column":93},"end":{"line":209,"column":142}},"58":{"start":{"line":220,"column":97},"end":{"line":220,"column":146}},"59":{"start":{"line":235,"column":20},"end":{"line":240,"column":24}},"60":{"start":{"line":254,"column":0},"end":{"line":254,"column":24}},"61":{"start":{"line":255,"column":1},"end":{"line":255,"column":48}}},"fnMap":{"0":{"name":"(anonymous_0)","decl":{"start":{"line":3,"column":40},"end":{"line":3,"column":41}},"loc":{"start":{"line":3,"column":52},"end":{"line":12,"column":1}},"line":3},"1":{"name":"(anonymous_1)","decl":{"start":{"line":4,"column":30},"end":{"line":4,"column":31}},"loc":{"start":{"line":4,"column":43},"end":{"line":10,"column":3}},"line":4},"2":{"name":"(anonymous_2)","decl":{"start":{"line":13,"column":54},"end":{"line":13,"column":55}},"loc":{"start":{"line":13,"column":69},"end":{"line":17,"column":1}},"line":13},"3":{"name":"(anonymous_3)","decl":{"start":{"line":32,"column":9},"end":{"line":32,"column":10}},"loc":{"start":{"line":32,"column":21},"end":{"line":36,"column":3}},"line":32},"4":{"name":"(anonymous_4)","decl":{"start":{"line":38,"column":8},"end":{"line":38,"column":9}},"loc":{"start":{"line":38,"column":20},"end":{"line":48,"column":3}},"line":38},"5":{"name":"(anonymous_5)","decl":{"start":{"line":50,"column":15},"end":{"line":50,"column":16}},"loc":{"start":{"line":50,"column":27},"end":{"line":75,"column":3}},"line":50},"6":{"name":"(anonymous_6)","decl":{"start":{"line":78,"column":14},"end":{"line":78,"column":15}},"loc":{"start":{"line":78,"column":26},"end":{"line":80,"column":5}},"line":78},"7":{"name":"(anonymous_7)","decl":{"start":{"line":82,"column":16},"end":{"line":82,"column":17}},"loc":{"start":{"line":82,"column":28},"end":{"line":84,"column":5}},"line":82},"8":{"name":"render","decl":{"start":{"line":114,"column":9},"end":{"line":114,"column":15}},"loc":{"start":{"line":114,"column":30},"end":{"line":253,"column":1}},"line":114},"9":{"name":"(anonymous_9)","decl":{"start":{"line":121,"column":12},"end":{"line":121,"column":13}},"loc":{"start":{"line":121,"column":24},"end":{"line":127,"column":13}},"line":121},"10":{"name":"(anonymous_10)","decl":{"start":{"line":137,"column":69},"end":{"line":137,"column":70}},"loc":{"start":{"line":137,"column":87},"end":{"line":137,"column":137}},"line":137},"11":{"name":"(anonymous_11)","decl":{"start":{"line":143,"column":147},"end":{"line":143,"column":148}},"loc":{"start":{"line":143,"column":171},"end":{"line":150,"column":17}},"line":143},"12":{"name":"(anonymous_12)","decl":{"start":{"line":160,"column":69},"end":{"line":160,"column":70}},"loc":{"start":{"line":160,"column":87},"end":{"line":160,"column":141}},"line":160},"13":{"name":"(anonymous_13)","decl":{"start":{"line":166,"column":151},"end":{"line":166,"column":152}},"loc":{"start":{"line":166,"column":175},"end":{"line":173,"column":17}},"line":166},"14":{"name":"(anonymous_14)","decl":{"start":{"line":183,"column":69},"end":{"line":183,"column":70}},"loc":{"start":{"line":183,"column":87},"end":{"line":183,"column":140}},"line":183},"15":{"name":"(anonymous_15)","decl":{"start":{"line":189,"column":150},"end":{"line":189,"column":151}},"loc":{"start":{"line":189,"column":174},"end":{"line":196,"column":17}},"line":189},"16":{"name":"(anonymous_16)","decl":{"start":{"line":209,"column":73},"end":{"line":209,"column":74}},"loc":{"start":{"line":209,"column":91},"end":{"line":209,"column":144}},"line":209},"17":{"name":"(anonymous_17)","decl":{"start":{"line":220,"column":77},"end":{"line":220,"column":78}},"loc":{"start":{"line":220,"column":95},"end":{"line":220,"column":148}},"line":220},"18":{"name":"(anonymous_18)","decl":{"start":{"line":234,"column":150},"end":{"line":234,"column":151}},"loc":{"start":{"line":234,"column":174},"end":{"line":241,"column":17}},"line":234}},"branchMap":{"0":{"loc":{"start":{"line":3,"column":15},"end":{"line":12,"column":1}},"type":"binary-expr","locations":[{"start":{"line":3,"column":15},"end":{"line":3,"column":19}},{"start":{"line":3,"column":23},"end":{"line":3,"column":36}},{"start":{"line":3,"column":40},"end":{"line":12,"column":1}}],"line":3},"1":{"loc":{"start":{"line":4,"column":13},"end":{"line":10,"column":3}},"type":"binary-expr","locations":[{"start":{"line":4,"column":13},"end":{"line":4,"column":26}},{"start":{"line":4,"column":30},"end":{"line":10,"column":3}}],"line":4},"2":{"loc":{"start":{"line":7,"column":23},"end":{"line":7,"column":83}},"type":"if","locations":[{"start":{"line":7,"column":23},"end":{"line":7,"column":83}},{"start":{},"end":{}}],"line":7},"3":{"loc":{"start":{"line":13,"column":22},"end":{"line":17,"column":1}},"type":"binary-expr","locations":[{"start":{"line":13,"column":22},"end":{"line":13,"column":26}},{"start":{"line":13,"column":30},"end":{"line":13,"column":50}},{"start":{"line":13,"column":54},"end":{"line":17,"column":1}}],"line":13},"4":{"loc":{"start":{"line":14,"column":9},"end":{"line":16,"column":3}},"type":"cond-expr","locations":[{"start":{"line":14,"column":33},"end":{"line":14,"column":36}},{"start":{"line":14,"column":39},"end":{"line":16,"column":3}}],"line":14},"5":{"loc":{"start":{"line":14,"column":9},"end":{"line":14,"column":30}},"type":"binary-expr","locations":[{"start":{"line":14,"column":9},"end":{"line":14,"column":12}},{"start":{"line":14,"column":16},"end":{"line":14,"column":30}}],"line":14},"6":{"loc":{"start":{"line":119,"column":22},"end":{"line":127,"column":28}},"type":"binary-expr","locations":[{"start":{"line":119,"column":22},"end":{"line":119,"column":31}},{"start":{"line":119,"column":36},"end":{"line":127,"column":27}}],"line":119},"7":{"loc":{"start":{"line":126,"column":24},"end":{"line":126,"column":72}},"type":"binary-expr","locations":[{"start":{"line":126,"column":24},"end":{"line":126,"column":37}},{"start":{"line":126,"column":41},"end":{"line":126,"column":72}}],"line":126},"8":{"loc":{"start":{"line":137,"column":43},"end":{"line":137,"column":138}},"type":"binary-expr","locations":[{"start":{"line":137,"column":43},"end":{"line":137,"column":52}},{"start":{"line":137,"column":57},"end":{"line":137,"column":137}}],"line":137},"9":{"loc":{"start":{"line":160,"column":43},"end":{"line":160,"column":142}},"type":"binary-expr","locations":[{"start":{"line":160,"column":43},"end":{"line":160,"column":52}},{"start":{"line":160,"column":57},"end":{"line":160,"column":141}}],"line":160},"10":{"loc":{"start":{"line":183,"column":43},"end":{"line":183,"column":141}},"type":"binary-expr","locations":[{"start":{"line":183,"column":43},"end":{"line":183,"column":52}},{"start":{"line":183,"column":57},"end":{"line":183,"column":140}}],"line":183},"11":{"loc":{"start":{"line":203,"column":16},"end":{"line":225,"column":70}},"type":"cond-expr","locations":[{"start":{"line":204,"column":22},"end":{"line":213,"column":22}},{"start":{"line":214,"column":23},"end":{"line":225,"column":69}}],"line":203},"12":{"loc":{"start":{"line":209,"column":47},"end":{"line":209,"column":145}},"type":"binary-expr","locations":[{"start":{"line":209,"column":47},"end":{"line":209,"column":56}},{"start":{"line":209,"column":61},"end":{"line":209,"column":144}}],"line":209},"13":{"loc":{"start":{"line":220,"column":51},"end":{"line":220,"column":149}},"type":"binary-expr","locations":[{"start":{"line":220,"column":51},"end":{"line":220,"column":60}},{"start":{"line":220,"column":65},"end":{"line":220,"column":148}}],"line":220},"14":{"loc":{"start":{"line":231,"column":26},"end":{"line":231,"column":71}},"type":"cond-expr","locations":[{"start":{"line":231,"column":46},"end":{"line":231,"column":60}},{"start":{"line":231,"column":63},"end":{"line":231,"column":71}}],"line":231}},"s":{"0":2,"1":2,"2":0,"3":0,"4":0,"5":0,"6":0,"7":0,"8":0,"9":0,"10":2,"11":2,"12":4,"13":2,"14":2,"15":2,"16":2,"17":2,"18":2,"19":2,"20":2,"21":2,"22":2,"23":11,"24":11,"25":11,"26":2,"27":2,"28":2,"29":2,"30":2,"31":2,"32":2,"33":2,"34":2,"35":2,"36":2,"37":2,"38":2,"39":2,"40":2,"41":2,"42":2,"43":2,"44":27,"45":27,"46":2,"47":2,"48":2,"49":2,"50":2,"51":6,"52":2,"53":6,"54":2,"55":6,"56":2,"57":0,"58":6,"59":2,"60":2,"61":2},"f":{"0":2,"1":0,"2":4,"3":11,"4":11,"5":11,"6":2,"7":2,"8":27,"9":2,"10":6,"11":2,"12":6,"13":2,"14":6,"15":2,"16":0,"17":6,"18":2},"b":{"0":[2,2,2],"1":[2,0],"2":[0,0],"3":[2,2,2],"4":[4,0],"5":[4,4],"6":[27,11],"7":[2,2],"8":[27,11],"9":[27,11],"10":[27,11],"11":[1,26],"12":[1,1],"13":[26,11],"14":[1,26]},"inputSourceMap":{"0":"{","1":"\"","2":"v","3":"e","4":"r","5":"s","6":"i","7":"o","8":"n","9":"\"","10":":","11":"3","12":",","13":"\"","14":"s","15":"o","16":"u","17":"r","18":"c","19":"e","20":"s","21":"\"","22":":","23":"[","24":"\"","25":"D","26":":","27":"\\","28":"\\","29":"W","30":"o","31":"r","32":"k","33":"s","34":"p","35":"a","36":"c","37":"e","38":"\\","39":"\\","40":"h","41":"u","42":"n","43":"k","44":"a","45":"r","46":"\\","47":"\\","48":"a","49":"l","50":"l","51":"u","52":"d","53":"o","54":"\\","55":"\\","56":"v","57":"u","58":"e","59":"-","60":"l","61":"o","62":"g","63":"i","64":"n","65":"-","66":"f","67":"o","68":"r","69":"m","70":"-","71":"c","72":"h","73":"a","74":"l","75":"l","76":"e","77":"n","78":"g","79":"e","80":"\\","81":"\\","82":"s","83":"r","84":"c","85":"\\","86":"\\","87":"c","88":"o","89":"m","90":"p","91":"o","92":"n","93":"e","94":"n","95":"t","96":"s","97":"\\","98":"\\","99":"S","100":"i","101":"g","102":"n","103":"u","104":"p","105":"F","106":"o","107":"r","108":"m","109":".","110":"v","111":"u","112":"e","113":"\"","114":"]","115":",","116":"\"","117":"n","118":"a","119":"m","120":"e","121":"s","122":"\"","123":":","124":"[","125":"]","126":",","127":"\"","128":"m","129":"a","130":"p","131":"p","132":"i","133":"n","134":"g","135":"s","136":"\"","137":":","138":"\"","139":";","140":";","141":";","142":";","143":";","144":";","145":";","146":";","147":";","148":";","149":";","150":";","151":";","152":";","153":";","154":";","155":";","156":";","157":";","158":";","159":"A","160":"A","161":"q","162":"H","163":"A","164":";","165":"A","166":"A","167":"C","168":"A","169":";","170":"A","171":"A","172":"C","173":"A","174":";","175":"A","176":"A","177":"C","178":"A","179":";","180":"A","181":"A","182":"C","183":"A","184":";","185":"A","186":"A","187":"C","188":"A","189":";","190":"A","191":"A","192":"C","193":"A","194":";","195":"A","196":"A","197":"Q","198":"A","199":";","200":"A","201":"A","202":"C","203":"A","204":",","205":"8","206":"B","207":"A","208":"A","209":"O","210":",","211":"C","212":"A","213":"A","214":"C","215":",","216":"G","217":"A","218":"A","219":"G","220":",","221":"C","222":"A","223":"A","224":"C","225":",","226":"4","227":"B","228":"A","229":"A","230":"K","231":",","232":"E","233":"A","234":"A","235":"E","236":",","237":"i","238":"C","239":"A","240":"A","241":"U","242":",","243":"C","244":"A","245":"A","246":"C","247":";","248":"A","249":"A","250":"E","251":"9","252":"B","253":",","254":"k","255":"B","256":"A","257":"A","258":"e","259":",","260":"y","261":"B","262":"A","263":"A","264":"e","265":",","266":"E","267":"A","268":"A","269":"C","270":";","271":"E","272":"A","273":"C","274":"7","275":"B","276":";","277":"E","278":"A","279":"C","280":"A","281":",","282":"K","283":"A","284":"A","285":"K","286":",","287":"E","288":"A","289":"A","290":"E","291":";","292":"I","293":"A","294":"C","295":"L","296":",","297":"O","298":"A","299":"A","300":"O","301":";","302":"M","303":"A","304":"C","305":"L","306":",","307":"E","308":"A","309":"A","310":"E","311":",","312":"E","313":"A","314":"A","315":"E","316":",","317":"k","318":"B","319":"A","320":"A","321":"Y","322":";","323":"K","324":"A","325":"C","326":"j","327":"B","328":";","329":"E","330":"A","331":"C","332":"H","333":",","334":"C","335":"A","336":"A","337":"C","338":";","339":"E","340":"A","341":"C","342":"D","343":";","344":"E","345":"A","346":"C","347":"A","348":",","349":"I","350":"A","351":"A","352":"I","353":",","354":"E","355":"A","356":"A","357":"E","358":";","359":"I","360":"A","361":"C","362":"J","363":",","364":"O","365":"A","366":"A","367":"O","368":";","369":"M","370":"A","371":"C","372":"L","373":",","374":"Y","375":"A","376":"A","377":"Y","378":",","379":"E","380":"A","381":"A","382":"E","383":",","384":"K","385":"A","386":"A","387":"K","388":";","389":"M","390":"A","391":"C","392":"n","393":"B","394":",","395":"I","396":"A","397":"A","398":"I","399":",","400":"E","401":"A","402":"A","403":"E","404":";","405":"Q","406":"A","407":"C","408":"J","409":",","410":"K","411":"A","412":"A","413":"K","414":",","415":"E","416":"A","417":"A","418":"E","419":",","420":"E","421":"A","422":"A","423":"E","424":";","425":"Q","426":"A","427":"C","428":"T","429":",","430":"S","431":"A","432":"A","433":"S","434":",","435":"E","436":"A","437":"A","438":"E","439":",","440":"E","441":"A","442":"A","443":"E","444":";","445":"Q","446":"A","447":"C","448":"b","449":",","450":"Q","451":"A","452":"A","453":"Q","454":",","455":"E","456":"A","457":"A","458":"E","459":",","460":"E","461":"A","462":"A","463":"E","464":";","465":"Q","466":"A","467":"C","468":"Z","469":",","470":"Q","471":"A","472":"A","473":"Q","474":",","475":"E","476":"A","477":"A","478":"E","479":";","480":";","481":"K","482":"A","483":"E","484":"b","485":";","486":"E","487":"A","488":"C","489":"H","490":",","491":"C","492":"A","493":"A","494":"C","495":";","496":"E","497":"A","498":"C","499":"D","500":";","501":"E","502":"A","503":"C","504":"A","505":",","506":"W","507":"A","508":"A","509":"W","510":",","511":"E","512":"A","513":"A","514":"E","515":";","516":"I","517":"A","518":"C","519":"X","520":",","521":"O","522":"A","523":"A","524":"O","525":";","526":"M","527":"A","528":"C","529":"L","530":",","531":"I","532":"A","533":"A","534":"I","535":",","536":"E","537":"A","538":"A","539":"E","540":";","541":"Q","542":"A","543":"C","544":"J","545":";","546":"Q","547":"A","548":"C","549":"A","550":",","551":"K","552":"A","553":"A","554":"K","555":",","556":"E","557":"A","558":"A","559":"E","560":";","561":"U","562":"A","563":"C","564":"L","565":",","566":"Q","567":"A","568":"A","569":"Q","570":",","571":"E","572":"A","573":"A","574":"E","575":",","576":"o","577":"B","578":"A","579":"A","580":"O","581":",","582":"C","583":"A","584":"A","585":"C","586":",","587":"W","588":"A","589":"A","590":"W","591":",","592":"C","593":"A","594":"C","595":"3","596":"B","597":",","598":"c","599":"A","600":"A","601":"I","602":",","603":"C","604":"A","605":"A","606":"C","607":",","608":"M","609":"A","610":"A","611":"M","612":",","613":"C","614":"A","615":"A","616":"C","617":",","618":"C","619":"A","620":"A","621":"C","622":",","623":"C","624":"A","625":"A","626":"C","627":",","628":"i","629":"B","630":"A","631":"A","632":"i","633":"B","634":",","635":"C","636":"A","637":"A","638":"C","639":",","640":"E","641":"A","642":"C","643":"h","644":"C","645":",","646":"q","647":"B","648":"A","649":"A","650":"Q","651":",","652":"C","653":"A","654":"C","655":"T","656":";","657":"U","658":"A","659":"C","660":"D","661":",","662":"K","663":"A","664":"A","665":"K","666":",","667":"E","668":"A","669":"A","670":"E","671":",","672":"o","673":"B","674":"A","675":"A","676":"O","677":",","678":"C","679":"A","680":"A","681":"C","682":",","683":"W","684":"A","685":"A","686":"W","687":",","688":"C","689":"A","690":"C","691":"x","692":"B","693":",","694":"c","695":"A","696":"A","697":"I","698":",","699":"C","700":"A","701":"A","702":"C","703":",","704":"M","705":"A","706":"A","707":"M","708":",","709":"C","710":"A","711":"A","712":"C","713":",","714":"C","715":"A","716":"A","717":"C","718":",","719":"C","720":"A","721":"A","722":"C","723":",","724":"o","725":"B","726":"A","727":"A","728":"o","729":"B","730":",","731":"C","732":"A","733":"A","734":"C","735":",","736":"E","737":"A","738":"C","739":"n","740":"C","741":",","742":"k","743":"B","744":"A","745":"A","746":"K","747":";","748":"S","749":"A","750":"E","751":"R","752":";","753":"Q","754":"A","755":"C","756":"D","757":";","758":"Q","759":"A","760":"C","761":"A","762":",","763":"S","764":"A","765":"A","766":"S","767":",","768":"E","769":"A","770":"A","771":"E","772":";","773":"U","774":"A","775":"C","776":"T","777":",","778":"Q","779":"A","780":"A","781":"Q","782":",","783":"E","784":"A","785":"A","786":"E","787":",","788":"o","789":"B","790":"A","791":"A","792":"O","793":",","794":"C","795":"A","796":"A","797":"C","798":",","799":"W","800":"A","801":"A","802":"W","803":",","804":"C","805":"A","806":"C","807":"3","808":"B","809":",","810":"c","811":"A","812":"A","813":"I","814":",","815":"C","816":"A","817":"A","818":"C","819":",","820":"M","821":"A","822":"A","823":"M","824":",","825":"C","826":"A","827":"A","828":"C","829":",","830":"C","831":"A","832":"A","833":"C","834":",","835":"C","836":"A","837":"A","838":"C","839":",","840":"i","841":"B","842":"A","843":"A","844":"i","845":"B","846":",","847":"C","848":"A","849":"A","850":"C","851":",","852":"E","853":"A","854":"C","855":"h","856":"C","857":",","858":"q","859":"B","860":"A","861":"A","862":"Q","863":",","864":"C","865":"A","866":"C","867":"T","868":";","869":"U","870":"A","871":"C","872":"D","873":",","874":"Q","875":"A","876":"A","877":"Q","878":",","879":"E","880":"A","881":"A","882":"E","883":",","884":"o","885":"B","886":"A","887":"A","888":"O","889":",","890":"C","891":"A","892":"A","893":"C","894":",","895":"W","896":"A","897":"A","898":"W","899":",","900":"C","901":"A","902":"C","903":"3","904":"B","905":",","906":"c","907":"A","908":"A","909":"I","910":",","911":"C","912":"A","913":"A","914":"C","915":",","916":"M","917":"A","918":"A","919":"M","920":",","921":"C","922":"A","923":"A","924":"C","925":",","926":"C","927":"A","928":"A","929":"C","930":",","931":"C","932":"A","933":"A","934":"C","935":",","936":"w","937":"B","938":"A","939":"A","940":"w","941":"B","942":",","943":"C","944":"A","945":"A","946":"C","947":",","948":"E","949":"A","950":"C","951":"v","952":"C","953":",","954":"q","955":"B","956":"A","957":"A","958":"Q","959":";","960":"S","961":"A","962":"E","963":"X","964":";","965":"Q","966":"A","967":"C","968":"D","969":";","970":"Q","971":"A","972":"C","973":"A","974":",","975":"Q","976":"A","977":"A","978":"Q","979":",","980":"E","981":"A","982":"A","983":"E","984":";","985":"U","986":"A","987":"C","988":"R","989":",","990":"Q","991":"A","992":"A","993":"Q","994":",","995":"E","996":"A","997":"A","998":"E","999":",","1000":"o","1001":"B","1002":"A","1003":"A","1004":"O","1005":",","1006":"C","1007":"A","1008":"A","1009":"C","1010":",","1011":"W","1012":"A","1013":"A","1014":"W","1015":",","1016":"C","1017":"A","1018":"C","1019":"3","1020":"B","1021":",","1022":"c","1023":"A","1024":"A","1025":"I","1026":",","1027":"C","1028":"A","1029":"A","1030":"C","1031":",","1032":"M","1033":"A","1034":"A","1035":"M","1036":",","1037":"C","1038":"A","1039":"A","1040":"C","1041":",","1042":"C","1043":"A","1044":"A","1045":"C","1046":",","1047":"C","1048":"A","1049":"A","1050":"C","1051":",","1052":"i","1053":"B","1054":"A","1055":"A","1056":"i","1057":"B","1058":",","1059":"C","1060":"A","1061":"A","1062":"C","1063":",","1064":"E","1065":"A","1066":"C","1067":"h","1068":"C","1069":",","1070":"q","1071":"B","1072":"A","1073":"A","1074":"Q","1075":",","1076":"C","1077":"A","1078":"C","1079":"T","1080":";","1081":"U","1082":"A","1083":"C","1084":"D","1085":",","1086":"Q","1087":"A","1088":"A","1089":"Q","1090":",","1091":"E","1092":"A","1093":"A","1094":"E","1095":",","1096":"o","1097":"B","1098":"A","1099":"A","1100":"O","1101":",","1102":"C","1103":"A","1104":"A","1105":"C","1106":",","1107":"W","1108":"A","1109":"A","1110":"W","1111":",","1112":"C","1113":"A","1114":"C","1115":"3","1116":"B","1117":",","1118":"c","1119":"A","1120":"A","1121":"I","1122":",","1123":"C","1124":"A","1125":"A","1126":"C","1127":",","1128":"M","1129":"A","1130":"A","1131":"M","1132":",","1133":"C","1134":"A","1135":"A","1136":"C","1137":",","1138":"C","1139":"A","1140":"A","1141":"C","1142":",","1143":"C","1144":"A","1145":"A","1146":"C","1147":",","1148":"u","1149":"B","1150":"A","1151":"A","1152":"u","1153":"B","1154":",","1155":"C","1156":"A","1157":"A","1158":"C","1159":",","1160":"E","1161":"A","1162":"C","1163":"t","1164":"C","1165":",","1166":"q","1167":"B","1168":"A","1169":"A","1170":"Q","1171":";","1172":"S","1173":"A","1174":"E","1175":"X","1176":";","1177":"Q","1178":"A","1179":"C","1180":"D","1181":";","1182":"Q","1183":"A","1184":"C","1185":"A","1186":",","1187":"Q","1188":"A","1189":"A","1190":"Q","1191":",","1192":"E","1193":"A","1194":"A","1195":"E","1196":";","1197":"U","1198":"A","1199":"C","1200":"R","1201":",","1202":"Q","1203":"A","1204":"A","1205":"Q","1206":",","1207":"E","1208":"A","1209":"A","1210":"E","1211":",","1212":"o","1213":"B","1214":"A","1215":"A","1216":"O","1217":",","1218":"C","1219":"A","1220":"A","1221":"C","1222":",","1223":"W","1224":"A","1225":"A","1226":"W","1227":",","1228":"C","1229":"A","1230":"C","1231":"3","1232":"B","1233":",","1234":"c","1235":"A","1236":"A","1237":"I","1238":",","1239":"C","1240":"A","1241":"A","1242":"C","1243":",","1244":"M","1245":"A","1246":"A","1247":"M","1248":",","1249":"C","1250":"A","1251":"A","1252":"C","1253":",","1254":"C","1255":"A","1256":"A","1257":"C","1258":",","1259":"C","1260":"A","1261":"A","1262":"C","1263":",","1264":"i","1265":"B","1266":"A","1267":"A","1268":"i","1269":"B","1270":",","1271":"C","1272":"A","1273":"A","1274":"C","1275":",","1276":"E","1277":"A","1278":"C","1279":"h","1280":"C","1281":",","1282":"q","1283":"B","1284":"A","1285":"A","1286":"Q","1287":",","1288":"C","1289":"A","1290":"C","1291":"T","1292":";","1293":"U","1294":"A","1295":"C","1296":"D","1297":",","1298":"G","1299":"A","1300":"A","1301":"G","1302":",","1303":"E","1304":"A","1305":"A","1306":"E","1307":",","1308":"o","1309":"B","1310":"A","1311":"A","1312":"O","1313":",","1314":"C","1315":"A","1316":"A","1317":"C","1318":",","1319":"W","1320":"A","1321":"A","1322":"W","1323":",","1324":"C","1325":"A","1326":"C","1327":"t","1328":"B","1329":",","1330":"c","1331":"A","1332":"A","1333":"I","1334":",","1335":"C","1336":"A","1337":"A","1338":"C","1339":",","1340":"M","1341":"A","1342":"A","1343":"M","1344":",","1345":"C","1346":"A","1347":"A","1348":"C","1349":",","1350":"C","1351":"A","1352":"A","1353":"C","1354":",","1355":"C","1356":"A","1357":"A","1358":"C","1359":",","1360":"u","1361":"B","1362":"A","1363":"A","1364":"u","1365":"B","1366":",","1367":"C","1368":"A","1369":"A","1370":"C","1371":",","1372":"E","1373":"A","1374":"C","1375":"t","1376":"C","1377":",","1378":"0","1379":"B","1380":"A","1381":"A","1382":"S","1383":",","1384":"E","1385":"A","1386":"A","1387":"C","1388":",","1389":"C","1390":"A","1391":"A","1392":"C","1393":",","1394":"C","1395":"A","1396":"A","1397":"C","1398":";","1399":";","1400":";","1401":"K","1402":"A","1403":"I","1404":"n","1405":"B","1406":";","1407":"E","1408":"A","1409":"C","1410":"H","1411":",","1412":"C","1413":"A","1414":"A","1415":"C","1416":";","1417":"E","1418":"A","1419":"C","1420":"D","1421":",","1422":"O","1423":"A","1424":"A","1425":"O","1426":",","1427":"E","1428":"A","1429":"A","1430":"E","1431":";","1432":"I","1433":"A","1434":"C","1435":"P","1436":";","1437":"I","1438":"A","1439":"C","1440":"A","1441":",","1442":"Q","1443":"A","1444":"A","1445":"Q","1446":";","1447":"M","1448":"A","1449":"C","1450":"N","1451":",","1452":"I","1453":"A","1454":"A","1455":"I","1456":",","1457":"C","1458":"A","1459":"A","1460":"C","1461":",","1462":"K","1463":"A","1464":"A","1465":"K","1466":",","1467":"C","1468":"A","1469":"A","1470":"C","1471":",","1472":"a","1473":"A","1474":"A","1475":"a","1476":",","1477":"e","1478":"A","1479":"C","1480":"n","1481":"B","1482":",","1483":"I","1484":"A","1485":"A","1486":"I","1487":",","1488":"C","1489":"A","1490":"A","1491":"C","1492":",","1493":"K","1494":"A","1495":"A","1496":"K","1497":",","1498":"C","1499":"A","1500":"A","1501":"C","1502":",","1503":"I","1504":"A","1505":"A","1506":"I","1507":",","1508":"E","1509":"A","1510":"C","1511":"l","1512":"B","1513":";","1514":"I","1515":"A","1516":"C","1517":"J","1518":",","1519":"C","1520":"A","1521":"A","1522":"C","1523":";","1524":"I","1525":"A","1526":"C","1527":"D","1528":";","1529":"I","1530":"A","1531":"C","1532":"A","1533":",","1534":"U","1535":"A","1536":"A","1537":"U","1538":";","1539":"M","1540":"A","1541":"C","1542":"R","1543":",","1544":"I","1545":"A","1546":"A","1547":"I","1548":",","1549":"C","1550":"A","1551":"A","1552":"C","1553":",","1554":"Y","1555":"A","1556":"A","1557":"Y","1558":",","1559":"G","1560":"A","1561":"A","1562":"G","1563":",","1564":"C","1565":"A","1566":"A","1567":"C","1568":",","1569":"I","1570":"A","1571":"A","1572":"I","1573":",","1574":"C","1575":"A","1576":"A","1577":"C","1578":",","1579":"Y","1580":"A","1581":"A","1582":"Y","1583":";","1584":"I","1585":"A","1586":"C","1587":"x","1588":"C","1589":";","1590":"G","1591":"A","1592":"C","1593":"D","1594":";","1595":"E","1596":"A","1597":"C","1598":"D","1599":";","1600":"E","1601":"A","1602":"C","1603":"A","1604":",","1605":"K","1606":"A","1607":"A","1608":"K","1609":",","1610":"E","1611":"A","1612":"A","1613":"E","1614":",","1615":"C","1616":"A","1617":"A","1618":"C","1619":",","1620":"a","1621":"A","1622":"A","1623":"a","1624":",","1625":"C","1626":"A","1627":"A","1628":"C","1629":";","1630":"E","1631":"A","1632":"C","1633":"t","1634":"B","1635":",","1636":"K","1637":"A","1638":"A","1639":"K","1640":",","1641":"E","1642":"A","1643":"A","1644":"E","1645":";","1646":"I","1647":"A","1648":"C","1649":"L","1650":",","1651":"M","1652":"A","1653":"A","1654":"M","1655":",","1656":"E","1657":"A","1658":"A","1659":"E","1660":";","1661":"M","1662":"A","1663":"C","1664":"N","1665":",","1666":"I","1667":"A","1668":"A","1669":"I","1670":",","1671":"E","1672":"A","1673":"A","1674":"E","1675":";","1676":";","1677":"G","1678":"A","1679":"E","1680":"T","1681":";","1682":"E","1683":"A","1684":"C","1685":"D","1686":";","1687":"E","1688":"A","1689":"C","1690":"A","1691":",","1692":"U","1693":"A","1694":"A","1695":"U","1696":",","1697":"E","1698":"A","1699":"A","1700":"E","1701":";","1702":"I","1703":"A","1704":"C","1705":"V","1706":",","1707":"m","1708":"B","1709":"A","1710":"A","1711":"m","1712":"B","1713":",","1714":"E","1715":"A","1716":"A","1717":"E","1718":";","1719":";","1720":"C","1721":"A","1722":"E","1723":"x","1724":"B","1725":",","1726":"C","1727":"A","1728":"A","1729":"C","1730":"\"","1731":",","1732":"\"","1733":"f","1734":"i","1735":"l","1736":"e","1737":"\"","1738":":","1739":"\"","1740":"D","1741":":","1742":"\\","1743":"\\","1744":"W","1745":"o","1746":"r","1747":"k","1748":"s","1749":"p","1750":"a","1751":"c","1752":"e","1753":"\\","1754":"\\","1755":"h","1756":"u","1757":"n","1758":"k","1759":"a","1760":"r","1761":"\\","1762":"\\","1763":"a","1764":"l","1765":"l","1766":"u","1767":"d","1768":"o","1769":"\\","1770":"\\","1771":"v","1772":"u","1773":"e","1774":"-","1775":"l","1776":"o","1777":"g","1778":"i","1779":"n","1780":"-","1781":"f","1782":"o","1783":"r","1784":"m","1785":"-","1786":"c","1787":"h","1788":"a","1789":"l","1790":"l","1791":"e","1792":"n","1793":"g","1794":"e","1795":"\\","1796":"\\","1797":"s","1798":"r","1799":"c","1800":"\\","1801":"\\","1802":"c","1803":"o","1804":"m","1805":"p","1806":"o","1807":"n","1808":"e","1809":"n","1810":"t","1811":"s","1812":"\\","1813":"\\","1814":"S","1815":"i","1816":"g","1817":"n","1818":"u","1819":"p","1820":"F","1821":"o","1822":"r","1823":"m","1824":".","1825":"v","1826":"u","1827":"e","1828":"\"","1829":",","1830":"\"","1831":"s","1832":"o","1833":"u","1834":"r","1835":"c","1836":"e","1837":"s","1838":"C","1839":"o","1840":"n","1841":"t","1842":"e","1843":"n","1844":"t","1845":"\"","1846":":","1847":"[","1848":"\"","1849":"<","1850":"t","1851":"e","1852":"m","1853":"p","1854":"l","1855":"a","1856":"t","1857":"e","1858":">","1859":"\\","1860":"n","1861":" ","1862":" ","1863":"<","1864":"s","1865":"e","1866":"c","1867":"t","1868":"i","1869":"o","1870":"n","1871":" ","1872":"c","1873":"l","1874":"a","1875":"s","1876":"s","1877":"=","1878":"\\","1879":"\"","1880":"c","1881":"o","1882":"l","1883":"-","1884":"s","1885":"m","1886":"-","1887":"4","1888":" ","1889":"c","1890":"o","1891":"l","1892":"-","1893":"1","1894":"0","1895":" ","1896":"m","1897":"-","1898":"a","1899":"u","1900":"t","1901":"o","1902":"\\","1903":"\"","1904":">","1905":"\\","1906":"n","1907":" ","1908":" ","1909":" ","1910":" ","1911":"<","1912":"!","1913":"-","1914":"-","1915":" ","1916":"F","1917":"o","1918":"r","1919":"m","1920":" ","1921":"-","1922":"-","1923":">","1924":"\\","1925":"n","1926":" ","1927":" ","1928":" ","1929":" ","1930":"<","1931":"f","1932":"o","1933":"r","1934":"m","1935":" ","1936":"@","1937":"s","1938":"u","1939":"b","1940":"m","1941":"i","1942":"t","1943":".","1944":"p","1945":"r","1946":"e","1947":"v","1948":"e","1949":"n","1950":"t","1951":"=","1952":"\\","1953":"\"","1954":"o","1955":"n","1956":"S","1957":"u","1958":"b","1959":"m","1960":"i","1961":"t","1962":"\\","1963":"\"","1964":">","1965":"\\","1966":"n","1967":" ","1968":" ","1969":" ","1970":" ","1971":" ","1972":" ","1973":"<","1974":"!","1975":"-","1976":"-","1977":" ","1978":"E","1979":"m","1980":"a","1981":"i","1982":"l","1983":" ","1984":"-","1985":"-","1986":">","1987":"\\","1988":"n","1989":" ","1990":" ","1991":" ","1992":" ","1993":" ","1994":" ","1995":"<","1996":"d","1997":"i","1998":"v","1999":" ","2000":"c","2001":"l","2002":"a","2003":"s","2004":"s","2005":"=","2006":"\\","2007":"\"","2008":"m","2009":"b","2010":"-","2011":"3","2012":"\\","2013":"\"","2014":" ","2015":":","2016":"c","2017":"l","2018":"a","2019":"s","2020":"s","2021":"=","2022":"\\","2023":"\"","2024":"{","2025":" ","2026":"e","2027":"r","2028":"r","2029":"o","2030":"r","2031":":","2032":" ","2033":"v","2034":"$","2035":".","2036":"f","2037":"o","2038":"r","2039":"m","2040":".","2041":"e","2042":"m","2043":"a","2044":"i","2045":"l","2046":".","2047":"$","2048":"e","2049":"r","2050":"r","2051":"o","2052":"r","2053":"s","2054":".","2055":"l","2056":"e","2057":"n","2058":"g","2059":"t","2060":"h","2061":" ","2062":"}","2063":"\\","2064":"\"","2065":">","2066":"\\","2067":"n","2068":" ","2069":" ","2070":" ","2071":" ","2072":" ","2073":" ","2074":" ","2075":" ","2076":"<","2077":"i","2078":"n","2079":"p","2080":"u","2081":"t","2082":"\\","2083":"n","2084":" ","2085":" ","2086":" ","2087":" ","2088":" ","2089":" ","2090":" ","2091":" ","2092":" ","2093":" ","2094":"i","2095":"d","2096":"=","2097":"\\","2098":"\"","2099":"e","2100":"m","2101":"a","2102":"i","2103":"l","2104":"\\","2105":"\"","2106":"\\","2107":"n","2108":" ","2109":" ","2110":" ","2111":" ","2112":" ","2113":" ","2114":" ","2115":" ","2116":" ","2117":" ","2118":"c","2119":"l","2120":"a","2121":"s","2122":"s","2123":"=","2124":"\\","2125":"\"","2126":"f","2127":"o","2128":"r","2129":"m","2130":"-","2131":"c","2132":"o","2133":"n","2134":"t","2135":"r","2136":"o","2137":"l","2138":"\\","2139":"\"","2140":"\\","2141":"n","2142":" ","2143":" ","2144":" ","2145":" ","2146":" ","2147":" ","2148":" ","2149":" ","2150":" ","2151":" ","2152":"t","2153":"y","2154":"p","2155":"e","2156":"=","2157":"\\","2158":"\"","2159":"e","2160":"m","2161":"a","2162":"i","2163":"l","2164":"\\","2165":"\"","2166":"\\","2167":"n","2168":" ","2169":" ","2170":" ","2171":" ","2172":" ","2173":" ","2174":" ","2175":" ","2176":" ","2177":" ","2178":"v","2179":"-","2180":"m","2181":"o","2182":"d","2183":"e","2184":"l","2185":"=","2186":"\\","2187":"\"","2188":"v","2189":"$","2190":".","2191":"f","2192":"o","2193":"r","2194":"m","2195":".","2196":"e","2197":"m","2198":"a","2199":"i","2200":"l","2201":".","2202":"$","2203":"m","2204":"o","2205":"d","2206":"e","2207":"l","2208":"\\","2209":"\"","2210":"\\","2211":"n","2212":" ","2213":" ","2214":" ","2215":" ","2216":" ","2217":" ","2218":" ","2219":" ","2220":" ","2221":" ","2222":":","2223":"p","2224":"l","2225":"a","2226":"c","2227":"e","2228":"h","2229":"o","2230":"l","2231":"d","2232":"e","2233":"r","2234":"=","2235":"\\","2236":"\"","2237":"$","2238":"t","2239":"(","2240":"'","2241":"p","2242":"l","2243":"a","2244":"c","2245":"e","2246":"h","2247":"o","2248":"l","2249":"d","2250":"e","2251":"r","2252":"s","2253":".","2254":"e","2255":"m","2256":"a","2257":"i","2258":"l","2259":"'","2260":")","2261":"\\","2262":"\"","2263":"\\","2264":"n","2265":" ","2266":" ","2267":" ","2268":" ","2269":" ","2270":" ","2271":" ","2272":" ","2273":"/","2274":">","2275":"\\","2276":"n","2277":" ","2278":" ","2279":" ","2280":" ","2281":" ","2282":" ","2283":" ","2284":" ","2285":"<","2286":"!","2287":"-","2288":"-","2289":" ","2290":"e","2291":"r","2292":"r","2293":"o","2294":"r","2295":" ","2296":"m","2297":"e","2298":"s","2299":"s","2300":"a","2301":"g","2302":"e","2303":" ","2304":"-","2305":"-","2306":">","2307":"\\","2308":"n","2309":" ","2310":" ","2311":" ","2312":" ","2313":" ","2314":" ","2315":" ","2316":" ","2317":"<","2318":"d","2319":"i","2320":"v","2321":"\\","2322":"n","2323":" ","2324":" ","2325":" ","2326":" ","2327":" ","2328":" ","2329":" ","2330":" ","2331":" ","2332":" ","2333":"c","2334":"l","2335":"a","2336":"s","2337":"s","2338":"=","2339":"\\","2340":"\"","2341":"i","2342":"n","2343":"p","2344":"u","2345":"t","2346":"-","2347":"e","2348":"r","2349":"r","2350":"o","2351":"r","2352":"s","2353":"\\","2354":"\"","2355":"\\","2356":"n","2357":" ","2358":" ","2359":" ","2360":" ","2361":" ","2362":" ","2363":" ","2364":" ","2365":" ","2366":" ","2367":"v","2368":"-","2369":"f","2370":"o","2371":"r","2372":"=","2373":"\\","2374":"\"","2375":"(","2376":"e","2377":"r","2378":"r","2379":"o","2380":"r","2381":",","2382":" ","2383":"i","2384":"n","2385":"d","2386":"e","2387":"x","2388":")","2389":" ","2390":"o","2391":"f","2392":" ","2393":"v","2394":"$","2395":".","2396":"f","2397":"o","2398":"r","2399":"m","2400":".","2401":"e","2402":"m","2403":"a","2404":"i","2405":"l","2406":".","2407":"$","2408":"e","2409":"r","2410":"r","2411":"o","2412":"r","2413":"s","2414":"\\","2415":"\"","2416":"\\","2417":"n","2418":" ","2419":" ","2420":" ","2421":" ","2422":" ","2423":" ","2424":" ","2425":" ","2426":" ","2427":" ","2428":":","2429":"k","2430":"e","2431":"y","2432":"=","2433":"\\","2434":"\"","2435":"i","2436":"n","2437":"d","2438":"e","2439":"x","2440":"\\","2441":"\"","2442":"\\","2443":"n","2444":" ","2445":" ","2446":" ","2447":" ","2448":" ","2449":" ","2450":" ","2451":" ","2452":">","2453":"\\","2454":"n","2455":" ","2456":" ","2457":" ","2458":" ","2459":" ","2460":" ","2461":" ","2462":" ","2463":" ","2464":" ","2465":"<","2466":"d","2467":"i","2468":"v","2469":" ","2470":"c","2471":"l","2472":"a","2473":"s","2474":"s","2475":"=","2476":"\\","2477":"\"","2478":"e","2479":"r","2480":"r","2481":"o","2482":"r","2483":"-","2484":"m","2485":"s","2486":"g","2487":" ","2488":"i","2489":"n","2490":"v","2491":"a","2492":"l","2493":"i","2494":"d","2495":"-","2496":"f","2497":"e","2498":"e","2499":"d","2500":"b","2501":"a","2502":"c","2503":"k","2504":"\\","2505":"\"","2506":">","2507":"{","2508":"{","2509":" ","2510":"e","2511":"r","2512":"r","2513":"o","2514":"r","2515":".","2516":"$","2517":"m","2518":"e","2519":"s","2520":"s","2521":"a","2522":"g","2523":"e","2524":" ","2525":"}","2526":"}","2527":"<","2528":"/","2529":"d","2530":"i","2531":"v","2532":">","2533":"\\","2534":"n","2535":" ","2536":" ","2537":" ","2538":" ","2539":" ","2540":" ","2541":" ","2542":" ","2543":"<","2544":"/","2545":"d","2546":"i","2547":"v","2548":">","2549":"\\","2550":"n","2551":" ","2552":" ","2553":" ","2554":" ","2555":" ","2556":" ","2557":"<","2558":"/","2559":"d","2560":"i","2561":"v","2562":">","2563":"\\","2564":"n","2565":"\\","2566":"n","2567":" ","2568":" ","2569":" ","2570":" ","2571":" ","2572":" ","2573":"<","2574":"!","2575":"-","2576":"-","2577":" ","2578":"F","2579":"i","2580":"r","2581":"s","2582":"t","2583":" ","2584":"n","2585":"a","2586":"m","2587":"e","2588":" ","2589":"-","2590":"-","2591":">","2592":"\\","2593":"n","2594":" ","2595":" ","2596":" ","2597":" ","2598":" ","2599":" ","2600":"<","2601":"d","2602":"i","2603":"v","2604":" ","2605":"c","2606":"l","2607":"a","2608":"s","2609":"s","2610":"=","2611":"\\","2612":"\"","2613":"m","2614":"b","2615":"-","2616":"3","2617":"\\","2618":"\"","2619":" ","2620":":","2621":"c","2622":"l","2623":"a","2624":"s","2625":"s","2626":"=","2627":"\\","2628":"\"","2629":"{","2630":" ","2631":"e","2632":"r","2633":"r","2634":"o","2635":"r","2636":":","2637":" ","2638":"v","2639":"$","2640":".","2641":"f","2642":"o","2643":"r","2644":"m","2645":".","2646":"f","2647":"i","2648":"r","2649":"s","2650":"t","2651":"N","2652":"a","2653":"m","2654":"e","2655":".","2656":"$","2657":"e","2658":"r","2659":"r","2660":"o","2661":"r","2662":"s","2663":".","2664":"l","2665":"e","2666":"n","2667":"g","2668":"t","2669":"h","2670":" ","2671":"}","2672":"\\","2673":"\"","2674":">","2675":"\\","2676":"n","2677":" ","2678":" ","2679":" ","2680":" ","2681":" ","2682":" ","2683":" ","2684":" ","2685":"<","2686":"i","2687":"n","2688":"p","2689":"u","2690":"t","2691":"\\","2692":"n","2693":" ","2694":" ","2695":" ","2696":" ","2697":" ","2698":" ","2699":" ","2700":" ","2701":" ","2702":" ","2703":"i","2704":"d","2705":"=","2706":"\\","2707":"\"","2708":"f","2709":"i","2710":"r","2711":"s","2712":"t","2713":"N","2714":"a","2715":"m","2716":"e","2717":"\\","2718":"\"","2719":"\\","2720":"n","2721":" ","2722":" ","2723":" ","2724":" ","2725":" ","2726":" ","2727":" ","2728":" ","2729":" ","2730":" ","2731":"c","2732":"l","2733":"a","2734":"s","2735":"s","2736":"=","2737":"\\","2738":"\"","2739":"f","2740":"o","2741":"r","2742":"m","2743":"-","2744":"c","2745":"o","2746":"n","2747":"t","2748":"r","2749":"o","2750":"l","2751":"\\","2752":"\"","2753":"\\","2754":"n","2755":" ","2756":" ","2757":" ","2758":" ","2759":" ","2760":" ","2761":" ","2762":" ","2763":" ","2764":" ","2765":"t","2766":"y","2767":"p","2768":"e","2769":"=","2770":"\\","2771":"\"","2772":"f","2773":"i","2774":"r","2775":"s","2776":"t","2777":"N","2778":"a","2779":"m","2780":"e","2781":"\\","2782":"\"","2783":"\\","2784":"n","2785":" ","2786":" ","2787":" ","2788":" ","2789":" ","2790":" ","2791":" ","2792":" ","2793":" ","2794":" ","2795":"v","2796":"-","2797":"m","2798":"o","2799":"d","2800":"e","2801":"l","2802":"=","2803":"\\","2804":"\"","2805":"v","2806":"$","2807":".","2808":"f","2809":"o","2810":"r","2811":"m","2812":".","2813":"f","2814":"i","2815":"r","2816":"s","2817":"t","2818":"N","2819":"a","2820":"m","2821":"e","2822":".","2823":"$","2824":"m","2825":"o","2826":"d","2827":"e","2828":"l","2829":"\\","2830":"\"","2831":"\\","2832":"n","2833":" ","2834":" ","2835":" ","2836":" ","2837":" ","2838":" ","2839":" ","2840":" ","2841":" ","2842":" ","2843":":","2844":"p","2845":"l","2846":"a","2847":"c","2848":"e","2849":"h","2850":"o","2851":"l","2852":"d","2853":"e","2854":"r","2855":"=","2856":"\\","2857":"\"","2858":"$","2859":"t","2860":"(","2861":"'","2862":"p","2863":"l","2864":"a","2865":"c","2866":"e","2867":"h","2868":"o","2869":"l","2870":"d","2871":"e","2872":"r","2873":"s","2874":".","2875":"f","2876":"i","2877":"r","2878":"s","2879":"t","2880":"N","2881":"a","2882":"m","2883":"e","2884":"'","2885":")","2886":"\\","2887":"\"","2888":"\\","2889":"n","2890":" ","2891":" ","2892":" ","2893":" ","2894":" ","2895":" ","2896":" ","2897":" ","2898":"/","2899":">","2900":"\\","2901":"n","2902":" ","2903":" ","2904":" ","2905":" ","2906":" ","2907":" ","2908":" ","2909":" ","2910":"<","2911":"!","2912":"-","2913":"-","2914":" ","2915":"e","2916":"r","2917":"r","2918":"o","2919":"r","2920":" ","2921":"m","2922":"e","2923":"s","2924":"s","2925":"a","2926":"g","2927":"e","2928":" ","2929":"-","2930":"-","2931":">","2932":"\\","2933":"n","2934":" ","2935":" ","2936":" ","2937":" ","2938":" ","2939":" ","2940":" ","2941":" ","2942":"<","2943":"d","2944":"i","2945":"v","2946":"\\","2947":"n","2948":" ","2949":" ","2950":" ","2951":" ","2952":" ","2953":" ","2954":" ","2955":" ","2956":" ","2957":" ","2958":"c","2959":"l","2960":"a","2961":"s","2962":"s","2963":"=","2964":"\\","2965":"\"","2966":"i","2967":"n","2968":"p","2969":"u","2970":"t","2971":"-","2972":"e","2973":"r","2974":"r","2975":"o","2976":"r","2977":"s","2978":"\\","2979":"\"","2980":"\\","2981":"n","2982":" ","2983":" ","2984":" ","2985":" ","2986":" ","2987":" ","2988":" ","2989":" ","2990":" ","2991":" ","2992":"v","2993":"-","2994":"f","2995":"o","2996":"r","2997":"=","2998":"\\","2999":"\"","3000":"(","3001":"e","3002":"r","3003":"r","3004":"o","3005":"r","3006":",","3007":" ","3008":"i","3009":"n","3010":"d","3011":"e","3012":"x","3013":")","3014":" ","3015":"o","3016":"f","3017":" ","3018":"v","3019":"$","3020":".","3021":"f","3022":"o","3023":"r","3024":"m","3025":".","3026":"f","3027":"i","3028":"r","3029":"s","3030":"t","3031":"N","3032":"a","3033":"m","3034":"e","3035":".","3036":"$","3037":"e","3038":"r","3039":"r","3040":"o","3041":"r","3042":"s","3043":"\\","3044":"\"","3045":"\\","3046":"n","3047":" ","3048":" ","3049":" ","3050":" ","3051":" ","3052":" ","3053":" ","3054":" ","3055":" ","3056":" ","3057":":","3058":"k","3059":"e","3060":"y","3061":"=","3062":"\\","3063":"\"","3064":"i","3065":"n","3066":"d","3067":"e","3068":"x","3069":"\\","3070":"\"","3071":"\\","3072":"n","3073":" ","3074":" ","3075":" ","3076":" ","3077":" ","3078":" ","3079":" ","3080":" ","3081":">","3082":"\\","3083":"n","3084":" ","3085":" ","3086":" ","3087":" ","3088":" ","3089":" ","3090":" ","3091":" ","3092":" ","3093":" ","3094":"<","3095":"d","3096":"i","3097":"v","3098":" ","3099":"c","3100":"l","3101":"a","3102":"s","3103":"s","3104":"=","3105":"\\","3106":"\"","3107":"e","3108":"r","3109":"r","3110":"o","3111":"r","3112":"-","3113":"m","3114":"s","3115":"g","3116":" ","3117":"i","3118":"n","3119":"v","3120":"a","3121":"l","3122":"i","3123":"d","3124":"-","3125":"f","3126":"e","3127":"e","3128":"d","3129":"b","3130":"a","3131":"c","3132":"k","3133":"\\","3134":"\"","3135":">","3136":"{","3137":"{","3138":" ","3139":"e","3140":"r","3141":"r","3142":"o","3143":"r","3144":".","3145":"$","3146":"m","3147":"e","3148":"s","3149":"s","3150":"a","3151":"g","3152":"e","3153":" ","3154":"}","3155":"}","3156":"<","3157":"/","3158":"d","3159":"i","3160":"v","3161":">","3162":"\\","3163":"n","3164":" ","3165":" ","3166":" ","3167":" ","3168":" ","3169":" ","3170":" ","3171":" ","3172":"<","3173":"/","3174":"d","3175":"i","3176":"v","3177":">","3178":"\\","3179":"n","3180":" ","3181":" ","3182":" ","3183":" ","3184":" ","3185":" ","3186":"<","3187":"/","3188":"d","3189":"i","3190":"v","3191":">","3192":"\\","3193":"n","3194":"\\","3195":"n","3196":" ","3197":" ","3198":" ","3199":" ","3200":" ","3201":" ","3202":"<","3203":"!","3204":"-","3205":"-","3206":" ","3207":"L","3208":"a","3209":"s","3210":"t","3211":" ","3212":"n","3213":"a","3214":"m","3215":"e","3216":" ","3217":"-","3218":"-","3219":">","3220":"\\","3221":"n","3222":" ","3223":" ","3224":" ","3225":" ","3226":" ","3227":" ","3228":"<","3229":"d","3230":"i","3231":"v","3232":" ","3233":"c","3234":"l","3235":"a","3236":"s","3237":"s","3238":"=","3239":"\\","3240":"\"","3241":"m","3242":"b","3243":"-","3244":"3","3245":"\\","3246":"\"","3247":" ","3248":":","3249":"c","3250":"l","3251":"a","3252":"s","3253":"s","3254":"=","3255":"\\","3256":"\"","3257":"{","3258":" ","3259":"e","3260":"r","3261":"r","3262":"o","3263":"r","3264":":","3265":" ","3266":"v","3267":"$","3268":".","3269":"f","3270":"o","3271":"r","3272":"m","3273":".","3274":"l","3275":"a","3276":"s","3277":"t","3278":"N","3279":"a","3280":"m","3281":"e","3282":".","3283":"$","3284":"e","3285":"r","3286":"r","3287":"o","3288":"r","3289":"s","3290":".","3291":"l","3292":"e","3293":"n","3294":"g","3295":"t","3296":"h","3297":" ","3298":"}","3299":"\\","3300":"\"","3301":">","3302":"\\","3303":"n","3304":" ","3305":" ","3306":" ","3307":" ","3308":" ","3309":" ","3310":" ","3311":" ","3312":"<","3313":"i","3314":"n","3315":"p","3316":"u","3317":"t","3318":"\\","3319":"n","3320":" ","3321":" ","3322":" ","3323":" ","3324":" ","3325":" ","3326":" ","3327":" ","3328":" ","3329":" ","3330":"i","3331":"d","3332":"=","3333":"\\","3334":"\"","3335":"l","3336":"a","3337":"s","3338":"t","3339":"N","3340":"a","3341":"m","3342":"e","3343":"\\","3344":"\"","3345":"\\","3346":"n","3347":" ","3348":" ","3349":" ","3350":" ","3351":" ","3352":" ","3353":" ","3354":" ","3355":" ","3356":" ","3357":"c","3358":"l","3359":"a","3360":"s","3361":"s","3362":"=","3363":"\\","3364":"\"","3365":"f","3366":"o","3367":"r","3368":"m","3369":"-","3370":"c","3371":"o","3372":"n","3373":"t","3374":"r","3375":"o","3376":"l","3377":"\\","3378":"\"","3379":"\\","3380":"n","3381":" ","3382":" ","3383":" ","3384":" ","3385":" ","3386":" ","3387":" ","3388":" ","3389":" ","3390":" ","3391":"t","3392":"y","3393":"p","3394":"e","3395":"=","3396":"\\","3397":"\"","3398":"l","3399":"a","3400":"s","3401":"t","3402":"N","3403":"a","3404":"m","3405":"e","3406":"\\","3407":"\"","3408":"\\","3409":"n","3410":" ","3411":" ","3412":" ","3413":" ","3414":" ","3415":" ","3416":" ","3417":" ","3418":" ","3419":" ","3420":"v","3421":"-","3422":"m","3423":"o","3424":"d","3425":"e","3426":"l","3427":"=","3428":"\\","3429":"\"","3430":"v","3431":"$","3432":".","3433":"f","3434":"o","3435":"r","3436":"m","3437":".","3438":"l","3439":"a","3440":"s","3441":"t","3442":"N","3443":"a","3444":"m","3445":"e","3446":".","3447":"$","3448":"m","3449":"o","3450":"d","3451":"e","3452":"l","3453":"\\","3454":"\"","3455":"\\","3456":"n","3457":" ","3458":" ","3459":" ","3460":" ","3461":" ","3462":" ","3463":" ","3464":" ","3465":" ","3466":" ","3467":":","3468":"p","3469":"l","3470":"a","3471":"c","3472":"e","3473":"h","3474":"o","3475":"l","3476":"d","3477":"e","3478":"r","3479":"=","3480":"\\","3481":"\"","3482":"$","3483":"t","3484":"(","3485":"'","3486":"p","3487":"l","3488":"a","3489":"c","3490":"e","3491":"h","3492":"o","3493":"l","3494":"d","3495":"e","3496":"r","3497":"s","3498":".","3499":"l","3500":"a","3501":"s","3502":"t","3503":"N","3504":"a","3505":"m","3506":"e","3507":"'","3508":")","3509":"\\","3510":"\"","3511":"\\","3512":"n","3513":" ","3514":" ","3515":" ","3516":" ","3517":" ","3518":" ","3519":" ","3520":" ","3521":"/","3522":">","3523":"\\","3524":"n","3525":" ","3526":" ","3527":" ","3528":" ","3529":" ","3530":" ","3531":" ","3532":" ","3533":"<","3534":"!","3535":"-","3536":"-","3537":" ","3538":"e","3539":"r","3540":"r","3541":"o","3542":"r","3543":" ","3544":"m","3545":"e","3546":"s","3547":"s","3548":"a","3549":"g","3550":"e","3551":" ","3552":"-","3553":"-","3554":">","3555":"\\","3556":"n","3557":" ","3558":" ","3559":" ","3560":" ","3561":" ","3562":" ","3563":" ","3564":" ","3565":"<","3566":"d","3567":"i","3568":"v","3569":"\\","3570":"n","3571":" ","3572":" ","3573":" ","3574":" ","3575":" ","3576":" ","3577":" ","3578":" ","3579":" ","3580":" ","3581":"c","3582":"l","3583":"a","3584":"s","3585":"s","3586":"=","3587":"\\","3588":"\"","3589":"i","3590":"n","3591":"p","3592":"u","3593":"t","3594":"-","3595":"e","3596":"r","3597":"r","3598":"o","3599":"r","3600":"s","3601":"\\","3602":"\"","3603":"\\","3604":"n","3605":" ","3606":" ","3607":" ","3608":" ","3609":" ","3610":" ","3611":" ","3612":" ","3613":" ","3614":" ","3615":"v","3616":"-","3617":"f","3618":"o","3619":"r","3620":"=","3621":"\\","3622":"\"","3623":"(","3624":"e","3625":"r","3626":"r","3627":"o","3628":"r","3629":",","3630":" ","3631":"i","3632":"n","3633":"d","3634":"e","3635":"x","3636":")","3637":" ","3638":"o","3639":"f","3640":" ","3641":"v","3642":"$","3643":".","3644":"f","3645":"o","3646":"r","3647":"m","3648":".","3649":"l","3650":"a","3651":"s","3652":"t","3653":"N","3654":"a","3655":"m","3656":"e","3657":".","3658":"$","3659":"e","3660":"r","3661":"r","3662":"o","3663":"r","3664":"s","3665":"\\","3666":"\"","3667":"\\","3668":"n","3669":" ","3670":" ","3671":" ","3672":" ","3673":" ","3674":" ","3675":" ","3676":" ","3677":" ","3678":" ","3679":":","3680":"k","3681":"e","3682":"y","3683":"=","3684":"\\","3685":"\"","3686":"i","3687":"n","3688":"d","3689":"e","3690":"x","3691":"\\","3692":"\"","3693":"\\","3694":"n","3695":" ","3696":" ","3697":" ","3698":" ","3699":" ","3700":" ","3701":" ","3702":" ","3703":">","3704":"\\","3705":"n","3706":" ","3707":" ","3708":" ","3709":" ","3710":" ","3711":" ","3712":" ","3713":" ","3714":" ","3715":" ","3716":"<","3717":"d","3718":"i","3719":"v","3720":" ","3721":"c","3722":"l","3723":"a","3724":"s","3725":"s","3726":"=","3727":"\\","3728":"\"","3729":"e","3730":"r","3731":"r","3732":"o","3733":"r","3734":"-","3735":"m","3736":"s","3737":"g","3738":" ","3739":"i","3740":"n","3741":"v","3742":"a","3743":"l","3744":"i","3745":"d","3746":"-","3747":"f","3748":"e","3749":"e","3750":"d","3751":"b","3752":"a","3753":"c","3754":"k","3755":"\\","3756":"\"","3757":">","3758":"{","3759":"{","3760":" ","3761":"e","3762":"r","3763":"r","3764":"o","3765":"r","3766":".","3767":"$","3768":"m","3769":"e","3770":"s","3771":"s","3772":"a","3773":"g","3774":"e","3775":" ","3776":"}","3777":"}","3778":"<","3779":"/","3780":"d","3781":"i","3782":"v","3783":">","3784":"\\","3785":"n","3786":" ","3787":" ","3788":" ","3789":" ","3790":" ","3791":" ","3792":" ","3793":" ","3794":"<","3795":"/","3796":"d","3797":"i","3798":"v","3799":">","3800":"\\","3801":"n","3802":" ","3803":" ","3804":" ","3805":" ","3806":" ","3807":" ","3808":"<","3809":"/","3810":"d","3811":"i","3812":"v","3813":">","3814":"\\","3815":"n","3816":"\\","3817":"n","3818":" ","3819":" ","3820":" ","3821":" ","3822":" ","3823":" ","3824":"<","3825":"!","3826":"-","3827":"-","3828":" ","3829":"P","3830":"a","3831":"s","3832":"s","3833":"w","3834":"o","3835":"r","3836":"d","3837":" ","3838":"-","3839":"-","3840":">","3841":"\\","3842":"n","3843":" ","3844":" ","3845":" ","3846":" ","3847":" ","3848":" ","3849":"<","3850":"d","3851":"i","3852":"v","3853":"\\","3854":"n","3855":" ","3856":" ","3857":" ","3858":" ","3859":" ","3860":" ","3861":" ","3862":" ","3863":"c","3864":"l","3865":"a","3866":"s","3867":"s","3868":"=","3869":"\\","3870":"\"","3871":"m","3872":"b","3873":"-","3874":"3","3875":" ","3876":"p","3877":"a","3878":"s","3879":"s","3880":"w","3881":"o","3882":"r","3883":"d","3884":"-","3885":"i","3886":"n","3887":"p","3888":"u","3889":"t","3890":"-","3891":"c","3892":"o","3893":"n","3894":"t","3895":"a","3896":"i","3897":"n","3898":"e","3899":"r","3900":"\\","3901":"\"","3902":"\\","3903":"n","3904":" ","3905":" ","3906":" ","3907":" ","3908":" ","3909":" ","3910":" ","3911":" ","3912":":","3913":"c","3914":"l","3915":"a","3916":"s","3917":"s","3918":"=","3919":"\\","3920":"\"","3921":"{","3922":" ","3923":"e","3924":"r","3925":"r","3926":"o","3927":"r","3928":":","3929":" ","3930":"v","3931":"$","3932":".","3933":"f","3934":"o","3935":"r","3936":"m","3937":".","3938":"p","3939":"a","3940":"s","3941":"s","3942":"w","3943":"o","3944":"r","3945":"d","3946":".","3947":"$","3948":"e","3949":"r","3950":"r","3951":"o","3952":"r","3953":"s","3954":".","3955":"l","3956":"e","3957":"n","3958":"g","3959":"t","3960":"h","3961":" ","3962":"}","3963":"\\","3964":"\"","3965":"\\","3966":"n","3967":" ","3968":" ","3969":" ","3970":" ","3971":" ","3972":" ","3973":">","3974":"\\","3975":"n","3976":" ","3977":" ","3978":" ","3979":" ","3980":" ","3981":" ","3982":" ","3983":" ","3984":"<","3985":"!","3986":"-","3987":"-","3988":" ","3989":"P","3990":"a","3991":"s","3992":"s","3993":"w","3994":"o","3995":"r","3996":"d","3997":" ","3998":"f","3999":"i","4000":"e","4001":"l","4002":"d","4003":" ","4004":"a","4005":"s","4006":" ","4007":"a","4008":" ","4009":"p","4010":"a","4011":"s","4012":"s","4013":"w","4014":"o","4015":"r","4016":"d","4017":" ","4018":"i","4019":"n","4020":"p","4021":"u","4022":"t","4023":" ","4024":"-","4025":"-","4026":">","4027":"\\","4028":"n","4029":" ","4030":" ","4031":" ","4032":" ","4033":" ","4034":" ","4035":" ","4036":" ","4037":"<","4038":"i","4039":"n","4040":"p","4041":"u","4042":"t","4043":"\\","4044":"n","4045":" ","4046":" ","4047":" ","4048":" ","4049":" ","4050":" ","4051":" ","4052":" ","4053":" ","4054":" ","4055":"v","4056":"-","4057":"i","4058":"f","4059":"=","4060":"\\","4061":"\"","4062":"s","4063":"h","4064":"o","4065":"w","4066":"P","4067":"a","4068":"s","4069":"s","4070":"w","4071":"o","4072":"r","4073":"d","4074":"\\","4075":"\"","4076":"\\","4077":"n","4078":" ","4079":" ","4080":" ","4081":" ","4082":" ","4083":" ","4084":" ","4085":" ","4086":" ","4087":" ","4088":"i","4089":"d","4090":"=","4091":"\\","4092":"\"","4093":"p","4094":"a","4095":"s","4096":"s","4097":"w","4098":"o","4099":"r","4100":"d","4101":"\\","4102":"\"","4103":"\\","4104":"n","4105":" ","4106":" ","4107":" ","4108":" ","4109":" ","4110":" ","4111":" ","4112":" ","4113":" ","4114":" ","4115":"c","4116":"l","4117":"a","4118":"s","4119":"s","4120":"=","4121":"\\","4122":"\"","4123":"f","4124":"o","4125":"r","4126":"m","4127":"-","4128":"c","4129":"o","4130":"n","4131":"t","4132":"r","4133":"o","4134":"l","4135":"\\","4136":"\"","4137":"\\","4138":"n","4139":" ","4140":" ","4141":" ","4142":" ","4143":" ","4144":" ","4145":" ","4146":" ","4147":" ","4148":" ","4149":"t","4150":"y","4151":"p","4152":"e","4153":"=","4154":"\\","4155":"\"","4156":"t","4157":"e","4158":"x","4159":"t","4160":"\\","4161":"\"","4162":"\\","4163":"n","4164":" ","4165":" ","4166":" ","4167":" ","4168":" ","4169":" ","4170":" ","4171":" ","4172":" ","4173":" ","4174":"v","4175":"-","4176":"m","4177":"o","4178":"d","4179":"e","4180":"l","4181":"=","4182":"\\","4183":"\"","4184":"v","4185":"$","4186":".","4187":"f","4188":"o","4189":"r","4190":"m","4191":".","4192":"p","4193":"a","4194":"s","4195":"s","4196":"w","4197":"o","4198":"r","4199":"d","4200":".","4201":"$","4202":"m","4203":"o","4204":"d","4205":"e","4206":"l","4207":"\\","4208":"\"","4209":"\\","4210":"n","4211":" ","4212":" ","4213":" ","4214":" ","4215":" ","4216":" ","4217":" ","4218":" ","4219":" ","4220":" ","4221":":","4222":"p","4223":"l","4224":"a","4225":"c","4226":"e","4227":"h","4228":"o","4229":"l","4230":"d","4231":"e","4232":"r","4233":"=","4234":"\\","4235":"\"","4236":"$","4237":"t","4238":"(","4239":"'","4240":"p","4241":"l","4242":"a","4243":"c","4244":"e","4245":"h","4246":"o","4247":"l","4248":"d","4249":"e","4250":"r","4251":"s","4252":".","4253":"p","4254":"a","4255":"s","4256":"s","4257":"w","4258":"o","4259":"r","4260":"d","4261":"'","4262":")","4263":"\\","4264":"\"","4265":"\\","4266":"n","4267":" ","4268":" ","4269":" ","4270":" ","4271":" ","4272":" ","4273":" ","4274":" ","4275":"/","4276":">","4277":"\\","4278":"n","4279":" ","4280":" ","4281":" ","4282":" ","4283":" ","4284":" ","4285":" ","4286":" ","4287":"<","4288":"!","4289":"-","4290":"-","4291":" ","4292":"P","4293":"a","4294":"s","4295":"s","4296":"w","4297":"o","4298":"r","4299":"d","4300":" ","4301":"f","4302":"i","4303":"e","4304":"l","4305":"d","4306":" ","4307":"a","4308":"s","4309":" ","4310":"a","4311":"n","4312":" ","4313":"t","4314":"e","4315":"x","4316":"t","4317":" ","4318":"i","4319":"n","4320":"p","4321":"u","4322":"t","4323":" ","4324":"-","4325":"-","4326":">","4327":"\\","4328":"n","4329":" ","4330":" ","4331":" ","4332":" ","4333":" ","4334":" ","4335":" ","4336":" ","4337":"<","4338":"i","4339":"n","4340":"p","4341":"u","4342":"t","4343":"\\","4344":"n","4345":" ","4346":" ","4347":" ","4348":" ","4349":" ","4350":" ","4351":" ","4352":" ","4353":" ","4354":" ","4355":"v","4356":"-","4357":"e","4358":"l","4359":"s","4360":"e","4361":"\\","4362":"n","4363":" ","4364":" ","4365":" ","4366":" ","4367":" ","4368":" ","4369":" ","4370":" ","4371":" ","4372":" ","4373":"i","4374":"d","4375":"=","4376":"\\","4377":"\"","4378":"p","4379":"a","4380":"s","4381":"s","4382":"w","4383":"o","4384":"r","4385":"d","4386":"\\","4387":"\"","4388":"\\","4389":"n","4390":" ","4391":" ","4392":" ","4393":" ","4394":" ","4395":" ","4396":" ","4397":" ","4398":" ","4399":" ","4400":"c","4401":"l","4402":"a","4403":"s","4404":"s","4405":"=","4406":"\\","4407":"\"","4408":"f","4409":"o","4410":"r","4411":"m","4412":"-","4413":"c","4414":"o","4415":"n","4416":"t","4417":"r","4418":"o","4419":"l","4420":"\\","4421":"\"","4422":"\\","4423":"n","4424":" ","4425":" ","4426":" ","4427":" ","4428":" ","4429":" ","4430":" ","4431":" ","4432":" ","4433":" ","4434":"t","4435":"y","4436":"p","4437":"e","4438":"=","4439":"\\","4440":"\"","4441":"p","4442":"a","4443":"s","4444":"s","4445":"w","4446":"o","4447":"r","4448":"d","4449":"\\","4450":"\"","4451":"\\","4452":"n","4453":" ","4454":" ","4455":" ","4456":" ","4457":" ","4458":" ","4459":" ","4460":" ","4461":" ","4462":" ","4463":"v","4464":"-","4465":"m","4466":"o","4467":"d","4468":"e","4469":"l","4470":"=","4471":"\\","4472":"\"","4473":"v","4474":"$","4475":".","4476":"f","4477":"o","4478":"r","4479":"m","4480":".","4481":"p","4482":"a","4483":"s","4484":"s","4485":"w","4486":"o","4487":"r","4488":"d","4489":".","4490":"$","4491":"m","4492":"o","4493":"d","4494":"e","4495":"l","4496":"\\","4497":"\"","4498":"\\","4499":"n","4500":" ","4501":" ","4502":" ","4503":" ","4504":" ","4505":" ","4506":" ","4507":" ","4508":" ","4509":" ","4510":":","4511":"p","4512":"l","4513":"a","4514":"c","4515":"e","4516":"h","4517":"o","4518":"l","4519":"d","4520":"e","4521":"r","4522":"=","4523":"\\","4524":"\"","4525":"$","4526":"t","4527":"(","4528":"'","4529":"p","4530":"l","4531":"a","4532":"c","4533":"e","4534":"h","4535":"o","4536":"l","4537":"d","4538":"e","4539":"r","4540":"s","4541":".","4542":"p","4543":"a","4544":"s","4545":"s","4546":"w","4547":"o","4548":"r","4549":"d","4550":"'","4551":")","4552":"\\","4553":"\"","4554":"\\","4555":"n","4556":" ","4557":" ","4558":" ","4559":" ","4560":" ","4561":" ","4562":" ","4563":" ","4564":"/","4565":">","4566":"\\","4567":"n","4568":" ","4569":" ","4570":" ","4571":" ","4572":" ","4573":" ","4574":" ","4575":" ","4576":"<","4577":"!","4578":"-","4579":"-","4580":" ","4581":"I","4582":"c","4583":"o","4584":"n","4585":" ","4586":"f","4587":"o","4588":"r","4589":" ","4590":"t","4591":"h","4592":"e","4593":" ","4594":"s","4595":"h","4596":"o","4597":"w","4598":"i","4599":"n","4600":"g","4601":"/","4602":"h","4603":"i","4604":"d","4605":"i","4606":"n","4607":"g","4608":" ","4609":"p","4610":"a","4611":"s","4612":"s","4613":"w","4614":"o","4615":"r","4616":"d","4617":" ","4618":"-","4619":"-","4620":">","4621":"\\","4622":"n","4623":" ","4624":" ","4625":" ","4626":" ","4627":" ","4628":" ","4629":" ","4630":" ","4631":"<","4632":"f","4633":"o","4634":"n","4635":"t","4636":"-","4637":"a","4638":"w","4639":"e","4640":"s","4641":"o","4642":"m","4643":"e","4644":"-","4645":"i","4646":"c","4647":"o","4648":"n","4649":"\\","4650":"n","4651":" ","4652":" ","4653":" ","4654":" ","4655":" ","4656":" ","4657":" ","4658":" ","4659":" ","4660":" ","4661":"i","4662":"d","4663":"=","4664":"\\","4665":"\"","4666":"p","4667":"a","4668":"s","4669":"s","4670":"w","4671":"o","4672":"r","4673":"d","4674":"V","4675":"i","4676":"s","4677":"i","4678":"b","4679":"i","4680":"l","4681":"i","4682":"t","4683":"y","4684":"I","4685":"c","4686":"o","4687":"n","4688":"\\","4689":"\"","4690":"\\","4691":"n","4692":" ","4693":" ","4694":" ","4695":" ","4696":" ","4697":" ","4698":" ","4699":" ","4700":" ","4701":" ","4702":"c","4703":"l","4704":"a","4705":"s","4706":"s","4707":"=","4708":"\\","4709":"\"","4710":"p","4711":"a","4712":"s","4713":"s","4714":"w","4715":"o","4716":"r","4717":"d","4718":"-","4719":"e","4720":"y","4721":"e","4722":"-","4723":"i","4724":"c","4725":"o","4726":"n","4727":"\\","4728":"\"","4729":"\\","4730":"n","4731":" ","4732":" ","4733":" ","4734":" ","4735":" ","4736":" ","4737":" ","4738":" ","4739":" ","4740":" ","4741":"@","4742":"c","4743":"l","4744":"i","4745":"c","4746":"k","4747":"=","4748":"\\","4749":"\"","4750":"t","4751":"o","4752":"g","4753":"g","4754":"l","4755":"e","4756":"S","4757":"h","4758":"o","4759":"w","4760":"\\","4761":"\"","4762":"\\","4763":"n","4764":" ","4765":" ","4766":" ","4767":" ","4768":" ","4769":" ","4770":" ","4771":" ","4772":" ","4773":" ","4774":":","4775":"i","4776":"c","4777":"o","4778":"n","4779":"=","4780":"\\","4781":"\"","4782":"s","4783":"h","4784":"o","4785":"w","4786":"P","4787":"a","4788":"s","4789":"s","4790":"w","4791":"o","4792":"r","4793":"d","4794":" ","4795":"?","4796":" ","4797":"'","4798":"f","4799":"a","4800":"-","4801":"e","4802":"y","4803":"e","4804":"-","4805":"s","4806":"l","4807":"a","4808":"s","4809":"h","4810":"'","4811":" ","4812":":","4813":" ","4814":"'","4815":"f","4816":"a","4817":"-","4818":"e","4819":"y","4820":"e","4821":"'","4822":"\\","4823":"\"","4824":"\\","4825":"n","4826":" ","4827":" ","4828":" ","4829":" ","4830":" ","4831":" ","4832":" ","4833":" ","4834":"/","4835":">","4836":"\\","4837":"n","4838":"\\","4839":"n","4840":" ","4841":" ","4842":" ","4843":" ","4844":" ","4845":" ","4846":" ","4847":" ","4848":"<","4849":"!","4850":"-","4851":"-","4852":" ","4853":"e","4854":"r","4855":"r","4856":"o","4857":"r","4858":" ","4859":"m","4860":"e","4861":"s","4862":"s","4863":"a","4864":"g","4865":"e","4866":" ","4867":"-","4868":"-","4869":">","4870":"\\","4871":"n","4872":" ","4873":" ","4874":" ","4875":" ","4876":" ","4877":" ","4878":" ","4879":" ","4880":"<","4881":"d","4882":"i","4883":"v","4884":"\\","4885":"n","4886":" ","4887":" ","4888":" ","4889":" ","4890":" ","4891":" ","4892":" ","4893":" ","4894":" ","4895":" ","4896":"c","4897":"l","4898":"a","4899":"s","4900":"s","4901":"=","4902":"\\","4903":"\"","4904":"i","4905":"n","4906":"p","4907":"u","4908":"t","4909":"-","4910":"e","4911":"r","4912":"r","4913":"o","4914":"r","4915":"s","4916":"\\","4917":"\"","4918":"\\","4919":"n","4920":" ","4921":" ","4922":" ","4923":" ","4924":" ","4925":" ","4926":" ","4927":" ","4928":" ","4929":" ","4930":"v","4931":"-","4932":"f","4933":"o","4934":"r","4935":"=","4936":"\\","4937":"\"","4938":"(","4939":"e","4940":"r","4941":"r","4942":"o","4943":"r","4944":",","4945":" ","4946":"i","4947":"n","4948":"d","4949":"e","4950":"x","4951":")","4952":" ","4953":"o","4954":"f","4955":" ","4956":"v","4957":"$","4958":".","4959":"f","4960":"o","4961":"r","4962":"m","4963":".","4964":"p","4965":"a","4966":"s","4967":"s","4968":"w","4969":"o","4970":"r","4971":"d","4972":".","4973":"$","4974":"e","4975":"r","4976":"r","4977":"o","4978":"r","4979":"s","4980":"\\","4981":"\"","4982":"\\","4983":"n","4984":" ","4985":" ","4986":" ","4987":" ","4988":" ","4989":" ","4990":" ","4991":" ","4992":" ","4993":" ","4994":":","4995":"k","4996":"e","4997":"y","4998":"=","4999":"\\","5000":"\"","5001":"i","5002":"n","5003":"d","5004":"e","5005":"x","5006":"\\","5007":"\"","5008":"\\","5009":"n","5010":" ","5011":" ","5012":" ","5013":" ","5014":" ","5015":" ","5016":" ","5017":" ","5018":">","5019":"\\","5020":"n","5021":" ","5022":" ","5023":" ","5024":" ","5025":" ","5026":" ","5027":" ","5028":" ","5029":" ","5030":" ","5031":"<","5032":"d","5033":"i","5034":"v","5035":" ","5036":"c","5037":"l","5038":"a","5039":"s","5040":"s","5041":"=","5042":"\\","5043":"\"","5044":"e","5045":"r","5046":"r","5047":"o","5048":"r","5049":"-","5050":"m","5051":"s","5052":"g","5053":" ","5054":"i","5055":"n","5056":"v","5057":"a","5058":"l","5059":"i","5060":"d","5061":"-","5062":"f","5063":"e","5064":"e","5065":"d","5066":"b","5067":"a","5068":"c","5069":"k","5070":"\\","5071":"\"","5072":">","5073":"{","5074":"{","5075":" ","5076":"e","5077":"r","5078":"r","5079":"o","5080":"r","5081":".","5082":"$","5083":"m","5084":"e","5085":"s","5086":"s","5087":"a","5088":"g","5089":"e","5090":" ","5091":"}","5092":"}","5093":"<","5094":"/","5095":"d","5096":"i","5097":"v","5098":">","5099":"\\","5100":"n","5101":" ","5102":" ","5103":" ","5104":" ","5105":" ","5106":" ","5107":" ","5108":" ","5109":"<","5110":"/","5111":"d","5112":"i","5113":"v","5114":">","5115":"\\","5116":"n","5117":" ","5118":" ","5119":" ","5120":" ","5121":" ","5122":" ","5123":"<","5124":"/","5125":"d","5126":"i","5127":"v","5128":">","5129":"\\","5130":"n","51
[...]
"a","574":"t","575":"e","576":">","577":"\\","578":"n","579":" ","580":" ","581":"<","582":"!","583":"-","584":"-","585":" ","586":"N","587":"a","588":"v","589":"i","590":"g","591":"a","592":"t","593":"i","594":"o","595":"n","596":" ","597":"t","598":"h","599":"a","600":"t","601":" ","602":"s","603":"h","604":"o","605":"w","606":"s","607":" ","608":"t","609":"i","610":"t","611":"l","612":"e","613":" ","614":"o","615":"f","616":" ","617":"p","618":"a","619":"g","620":"e","621":" ","622":"-","623":"-","624":">","625":"\\","626":"n","627":" ","628":" ","629":"<","630":"n","631":"a","632":"v","633":" ","634":"c","635":"l","636":"a","637":"s","638":"s","639":"=","640":"\\","641":"\"","642":"h","643":"e","644":"a","645":"d","646":"e","647":"r","648":" ","649":"n","650":"a","651":"v","652":"-","653":"b","654":"a","655":"r","656":"\\","657":"\"","658":">","659":"{","660":"{","661":" ","662":"$","663":"t","664":"(","665":"\\","666":"\"","667":"t","668":"i","669":"t","670":"l","671":"e","672":"s","673":".","674":"a","675":"c","676":"c","677":"o","678":"u","679":"n","680":"t","681":"\\","682":"\"","683":")","684":" ","685":"}","686":"}","687":"<","688":"/","689":"n","690":"a","691":"v","692":">","693":"\\","694":"n","695":" ","696":" ","697":"<","698":"!","699":"-","700":"-","701":" ","702":"A","703":"p","704":"p","705":"l","706":"i","707":"c","708":"a","709":"t","710":"i","711":"o","712":"n","713":" ","714":"b","715":"o","716":"d","717":"y","718":" ","719":"-","720":"-","721":">","722":"\\","723":"n","724":" ","725":" ","726":"<","727":"d","728":"i","729":"v","730":" ","731":"c","732":"l","733":"a","734":"s","735":"s","736":"=","737":"\\","738":"\"","739":"c","740":"o","741":"m","742":"p","743":"o","744":"n","745":"e","746":"n","747":"t","748":"-","749":"b","750":"o","751":"d","752":"y","753":"\\","754":"\"","755":">","756":"\\","757":"n","758":" ","759":" ","760":" ","761":" ","762":"<","763":"!","764":"-","765":"-","766":" ","767":"R","768":"e","769":"g","770":"i","771":"s","772":"t","773":"e","774":"r","775":" ","776":"c","777":"a","778":"r","779":"d","780":" ","781":"c","782":"o","783":"n","784":"t","785":"a","786":"i","787":"n","788":"e","789":"r","790":" ","791":"-","792":"-","793":">","794":"\\","795":"n","796":" ","797":" ","798":" ","799":" ","800":"<","801":"d","802":"i","803":"v","804":" ","805":"c","806":"l","807":"a","808":"s","809":"s","810":"=","811":"\\","812":"\"","813":"c","814":"o","815":"n","816":"t","817":"a","818":"i","819":"n","820":"e","821":"r","822":"\\","823":"\"","824":">","825":"\\","826":"n","827":" ","828":" ","829":" ","830":" ","831":" ","832":" ","833":"<","834":"h","835":"1","836":" ","837":"c","838":"l","839":"a","840":"s","841":"s","842":"=","843":"\\","844":"\"","845":"t","846":"i","847":"t","848":"l","849":"e","850":"\\","851":"\"","852":">","853":"{","854":"{","855":" ","856":"$","857":"t","858":"(","859":"\\","860":"\"","861":"t","862":"i","863":"t","864":"l","865":"e","866":"s","867":".","868":"r","869":"e","870":"g","871":"i","872":"s","873":"t","874":"e","875":"r","876":"\\","877":"\"","878":")","879":" ","880":"}","881":"}","882":"<","883":"/","884":"h","885":"1","886":">","887":"\\","888":"n","889":"\\","890":"n","891":" ","892":" ","893":" ","894":" ","895":" ","896":" ","897":"<","898":"!","899":"-","900":"-","901":" ","902":"S","903":"h","904":"o","905":"w","906":"s","907":" ","908":"s","909":"u","910":"c","911":"c","912":"e","913":"s","914":"s","915":"f","916":"u","917":"l","918":" ","919":"c","920":"a","921":"r","922":"d","923":" ","924":"i","925":"f","926":" ","927":"t","928":"h","929":"e","930":"r","931":"e","932":" ","933":"i","934":"s","935":" ","936":"a","937":" ","938":"u","939":"s","940":"e","941":"r","942":".","943":" ","944":"O","945":"t","946":"h","947":"e","948":"r","949":"w","950":"i","951":"s","952":"e","953":" ","954":"s","955":"h","956":"o","957":"w","958":" ","959":"f","960":"o","961":"r","962":"m","963":" ","964":"-","965":"-","966":">","967":"\\","968":"n","969":" ","970":" ","971":" ","972":" ","973":" ","974":" ","975":"<","976":"R","977":"e","978":"g","979":"i","980":"s","981":"t","982":"e","983":"r","984":"S","985":"u","986":"c","987":"c","988":"e","989":"s","990":"s","991":"f","992":"u","993":"l","994":"C","995":"a","996":"r","997":"d","998":" ","999":"v","1000":"-","1001":"i","1002":"f","1003":"=","1004":"\\","1005":"\"","1006":"u","1007":"s","1008":"e","1009":"r","1010":"?","1011":".","1012":"i","1013":"d","1014":"\\","1015":"\"","1016":" ","1017":"v","1018":"-","1019":"b","1020":"i","1021":"n","1022":"d","1023":":","1024":"u","1025":"s","1026":"e","1027":"r","1028":"=","1029":"\\","1030":"\"","1031":"u","1032":"s","1033":"e","1034":"r","1035":"\\","1036":"\"","1037":" ","1038":"/","1039":">","1040":"\\","1041":"n","1042":" ","1043":" ","1044":" ","1045":" ","1046":" ","1047":" ","1048":"<","1049":"S","1050":"i","1051":"g","1052":"n","1053":"u","1054":"p","1055":"F","1056":"o","1057":"r","1058":"m","1059":" ","1060":"v","1061":"-","1062":"e","1063":"l","1064":"s","1065":"e","1066":" ","1067":"@","1068":"s","1069":"u","1070":"b","1071":"m","1072":"i","1073":"t","1074":"-","1075":"f","1076":"o","1077":"r","1078":"m","1079":"=","1080":"\\","1081":"\"","1082":"o","1083":"n","1084":"S","1085":"u","1086":"b","1087":"m","1088":"i","1089":"t","1090":"\\","1091":"\"","1092":" ","1093":"/","1094":">","1095":"\\","1096":"n","1097":" ","1098":" ","1099":" ","1100":" ","1101":"<","1102":"/","1103":"d","1104":"i","1105":"v","1106":">","1107":"\\","1108":"n","1109":" ","1110":" ","1111":"<","1112":"/","1113":"d","1114":"i","1115":"v","1116":">","1117":"\\","1118":"n","1119":"<","1120":"/","1121":"t","1122":"e","1123":"m","1124":"p","1125":"l","1126":"a","1127":"t","1128":"e","1129":">","1130":"\\","1131":"n","1132":"\\","1133":"n","1134":"<","1135":"s","1136":"c","1137":"r","1138":"i","1139":"p","1140":"t","1141":" ","1142":"l","1143":"a","1144":"n","1145":"g","1146":"=","1147":"\\","1148":"\"","1149":"t","1150":"s","1151":"\\","1152":"\"","1153":">","1154":"\\","1155":"n","1156":"i","1157":"m","1158":"p","1159":"o","1160":"r","1161":"t","1162":" ","1163":"{","1164":" ","1165":"d","1166":"e","1167":"f","1168":"i","1169":"n","1170":"e","1171":"C","1172":"o","1173":"m","1174":"p","1175":"o","1176":"n","1177":"e","1178":"n","1179":"t","1180":" ","1181":"}","1182":" ","1183":"f","1184":"r","1185":"o","1186":"m","1187":" ","1188":"\\","1189":"\"","1190":"v","1191":"u","1192":"e","1193":"\\","1194":"\"","1195":";","1196":"\\","1197":"n","1198":"i","1199":"m","1200":"p","1201":"o","1202":"r","1203":"t","1204":" ","1205":"S","1206":"i","1207":"g","1208":"n","1209":"u","1210":"p","1211":"F","1212":"o","1213":"r","1214":"m","1215":" ","1216":"f","1217":"r","1218":"o","1219":"m","1220":" ","1221":"\\","1222":"\"","1223":"@","1224":"/","1225":"c","1226":"o","1227":"m","1228":"p","1229":"o","1230":"n","1231":"e","1232":"n","1233":"t","1234":"s","1235":"/","1236":"S","1237":"i","1238":"g","1239":"n","1240":"u","1241":"p","1242":"F","1243":"o","1244":"r","1245":"m","1246":".","1247":"v","1248":"u","1249":"e","1250":"\\","1251":"\"","1252":";","1253":"\\","1254":"n","1255":"i","1256":"m","1257":"p","1258":"o","1259":"r","1260":"t","1261":" ","1262":"R","1263":"e","1264":"g","1265":"i","1266":"s","1267":"t","1268":"e","1269":"r","1270":"S","1271":"u","1272":"c","1273":"c","1274":"e","1275":"s","1276":"s","1277":"f","1278":"u","1279":"l","1280":"C","1281":"a","1282":"r","1283":"d","1284":" ","1285":"f","1286":"r","1287":"o","1288":"m","1289":" ","1290":"\\","1291":"\"","1292":"@","1293":"/","1294":"c","1295":"o","1296":"m","1297":"p","1298":"o","1299":"n","1300":"e","1301":"n","1302":"t","1303":"s","1304":"/","1305":"R","1306":"e","1307":"g","1308":"i","1309":"s","1310":"t","1311":"e","1312":"r","1313":"S","1314":"u","1315":"c","1316":"c","1317":"e","1318":"s","1319":"s","1320":"f","1321":"u","1322":"l","1323":"C","1324":"a","1325":"r","1326":"d","1327":".","1328":"v","1329":"u","1330":"e","1331":"\\","1332":"\"","1333":";","1334":"\\","1335":"n","1336":"i","1337":"m","1338":"p","1339":"o","1340":"r","1341":"t","1342":" ","1343":"{","1344":" ","1345":"U","1346":"s","1347":"e","1348":"r","1349":"T","1350":"y","1351":"p","1352":"e","1353":" ","1354":"}","1355":" ","1356":"f","1357":"r","1358":"o","1359":"m","1360":" ","1361":"\\","1362":"\"","1363":"@","1364":"/","1365":"t","1366":"y","1367":"p","1368":"e","1369":"s","1370":"/","1371":"U","1372":"s","1373":"e","1374":"r","1375":"\\","1376":"\"","1377":";","1378":"\\","1379":"n","1380":"\\","1381":"n","1382":"t","1383":"y","1384":"p","1385":"e","1386":" ","1387":"L","1388":"o","1389":"g","1390":"i","1391":"n","1392":"V","1393":"i","1394":"e","1395":"w","1396":"D","1397":"a","1398":"t","1399":"a","1400":"T","1401":"y","1402":"p","1403":"e","1404":" ","1405":"=","1406":" ","1407":"{","1408":"\\","1409":"n","1410":" ","1411":" ","1412":"u","1413":"s","1414":"e","1415":"r","1416":"?","1417":":","1418":" ","1419":"U","1420":"s","1421":"e","1422":"r","1423":"T","1424":"y","1425":"p","1426":"e","1427":";","1428":"\\","1429":"n","1430":"}","1431":";","1432":"\\","1433":"n","1434":"\\","1435":"n","1436":"e","1437":"x","1438":"p","1439":"o","1440":"r","1441":"t","1442":" ","1443":"d","1444":"e","1445":"f","1446":"a","1447":"u","1448":"l","1449":"t","1450":" ","1451":"d","1452":"e","1453":"f","1454":"i","1455":"n","1456":"e","1457":"C","1458":"o","1459":"m","1460":"p","1461":"o","1462":"n","1463":"e","1464":"n","1465":"t","1466":"(","1467":"{","1468":"\\","1469":"n","1470":" ","1471":" ","1472":"/","1473":"/","1474":"C","1475":"o","1476":"m","1477":"p","1478":"o","1479":"n","1480":"e","1481":"n","1482":"t","1483":" ","1484":"d","1485":"e","1486":"p","1487":"e","1488":"n","1489":"d","1490":"e","1491":"n","1492":"c","1493":"i","1494":"e","1495":"s","1496":"\\","1497":"n","1498":" ","1499":" ","1500":"c","1501":"o","1502":"m","1503":"p","1504":"o","1505":"n","1506":"e","1507":"n","1508":"t","1509":"s","1510":":","1511":" ","1512":"{","1513":"\\","1514":"n","1515":" ","1516":" ","1517":" ","1518":" ","1519":"S","1520":"i","1521":"g","1522":"n","1523":"u","1524":"p","1525":"F","1526":"o","1527":"r","1528":"m","1529":",","1530":"\\","1531":"n","1532":" ","1533":" ","1534":" ","1535":" ","1536":"R","1537":"e","1538":"g","1539":"i","1540":"s","1541":"t","1542":"e","1543":"r","1544":"S","1545":"u","1546":"c","1547":"c","1548":"e","1549":"s","1550":"s","1551":"f","1552":"u","1553":"l","1554":"C","1555":"a","1556":"r","1557":"d","1558":",","1559":"\\","1560":"n","1561":" ","1562":" ","1563":"}","1564":",","1565":"\\","1566":"n","1567":" ","1568":" ","1569":"/","1570":"/","1571":"S","1572":"e","1573":"t","1574":" ","1575":"i","1576":"n","1577":"i","1578":"t","1579":"i","1580":"a","1581":"l","1582":" ","1583":"d","1584":"a","1585":"t","1586":"a","1587":"\\","1588":"n","1589":" ","1590":" ","1591":"d","1592":"a","1593":"t","1594":"a","1595":":","1596":" ","1597":"(","1598":")","1599":":","1600":" ","1601":"L","1602":"o","1603":"g","1604":"i","1605":"n","1606":"V","1607":"i","1608":"e","1609":"w","1610":"D","1611":"a","1612":"t","1613":"a","1614":"T","1615":"y","1616":"p","1617":"e","1618":" ","1619":"=","1620":">","1621":" ","1622":"{","1623":"\\","1624":"n","1625":" ","1626":" ","1627":" ","1628":" ","1629":"r","1630":"e","1631":"t","1632":"u","1633":"r","1634":"n","1635":" ","1636":"{","1637":"\\","1638":"n","1639":" ","1640":" ","1641":" ","1642":" ","1643":" ","1644":" ","1645":"u","1646":"s","1647":"e","1648":"r","1649":":","1650":" ","1651":"u","1652":"n","1653":"d","1654":"e","1655":"f","1656":"i","1657":"n","1658":"e","1659":"d","1660":",","1661":"\\","1662":"n","1663":" ","1664":" ","1665":" ","1666":" ","1667":"}","1668":";","1669":"\\","1670":"n","1671":" ","1672":" ","1673":"}","1674":",","1675":"\\","1676":"n","1677":" ","1678":" ","1679":"/","1680":"/","1681":"G","1682":"i","1683":"v","1684":"e","1685":" ","1686":"r","1687":"a","1688":"n","1689":"d","1690":"o","1691":"m","1692":" ","1693":"i","1694":"d","1695":" ","1696":"t","1697":"o","1698":" ","1699":"u","1700":"s","1701":"e","1702":"r","1703":" ","1704":"a","1705":"n","1706":"d","1707":" ","1708":"s","1709":"e","1710":"t","1711":" ","1712":"i","1713":"t","1714":"\\","1715":"n","1716":" ","1717":" ","1718":"/","1719":"/","1720":"T","1721":"O","1722":"D","1723":"O","1724":" ","1725":"b","1726":"a","1727":"c","1728":"k","1729":"e","1730":"n","1731":"d","1732":" ","1733":"c","1734":"a","1735":"l","1736":"l","1737":" ","1738":"c","1739":"a","1740":"n","1741":" ","1742":"b","1743":"e","1744":" ","1745":"a","1746":"d","1747":"d","1748":"e","1749":"d","1750":" ","1751":"w","1752":"h","1753":"e","1754":"n","1755":" ","1756":"b","1757":"a","1758":"c","1759":"k","1760":"e","1761":"n","1762":"d","1763":" ","1764":"i","1765":"s","1766":" ","1767":"a","1768":"v","1769":"a","1770":"i","1771":"l","1772":"a","1773":"b","1774":"l","1775":"e","1776":".","1777":"\\","1778":"n","1779":" ","1780":" ","1781":"m","1782":"e","1783":"t","1784":"h","1785":"o","1786":"d","1787":"s","1788":":","1789":" ","1790":"{","1791":"\\","1792":"n","1793":" ","1794":" ","1795":" ","1796":" ","1797":"o","1798":"n","1799":"S","1800":"u","1801":"b","1802":"m","1803":"i","1804":"t","1805":"(","1806":"d","1807":"a","1808":"t","1809":"a","1810":":","1811":" ","1812":"U","1813":"s","1814":"e","1815":"r","1816":"T","1817":"y","1818":"p","1819":"e","1820":")","1821":" ","1822":"{","1823":"\\","1824":"n","1825":" ","1826":" ","1827":" ","1828":" ","1829":" ","1830":" ","1831":"d","1832":"a","1833":"t","1834":"a","1835":".","1836":"i","1837":"d","1838":" ","1839":"=","1840":" ","1841":"D","1842":"a","1843":"t","1844":"e","1845":".","1846":"n","1847":"o","1848":"w","1849":"(","1850":")","1851":".","1852":"t","1853":"o","1854":"S","1855":"t","1856":"r","1857":"i","1858":"n","1859":"g","1860":"(","1861":")","1862":";","1863":"\\","1864":"n","1865":" ","1866":" ","1867":" ","1868":" ","1869":" ","1870":" ","1871":"t","1872":"h","1873":"i","1874":"s","1875":".","1876":"u","1877":"s","1878":"e","1879":"r","1880":" ","1881":"=","1882":" ","1883":"d","1884":"a","1885":"t","1886":"a","1887":";","1888":"\\","1889":"n","1890":" ","1891":" ","1892":" ","1893":" ","1894":"}","1895":",","1896":"\\","1897":"n","1898":" ","1899":" ","1900":"}","1901":",","1902":"\\","1903":"n","1904":"}","1905":")","1906":";","1907":"\\","1908":"n","1909":"<","1910":"/","1911":"s","1912":"c","1913":"r","1914":"i","1915":"p","1916":"t","1917":">","1918":"\\","1919":"n","1920":"<","1921":"s","1922":"t","1923":"y","1924":"l","1925":"e","1926":" ","1927":"s","1928":"c","1929":"o","1930":"p","1931":"e","1932":"d","1933":">","1934":"\\","1935":"n","1936":".","1937":"c","1938":"o","1939":"m","1940":"p","1941":"o","1942":"n","1943":"e","1944":"n","1945":"t","1946":"-","1947":"b","1948":"o","1949":"d","1950":"y","1951":" ","1952":"{","1953":"\\","1954":"n","1955":" ","1956":" ","1957":"a","1958":"l","1959":"i","1960":"g","1961":"n","1962":"-","1963":"i","1964":"t","1965":"e","1966":"m","1967":"s","1968":":","1969":" ","1970":"c","1971":"e","1972":"n","1973":"t","1974":"e","1975":"r","1976":";","1977":"\\","1978":"n","1979":" ","1980":" ","1981":"d","1982":"i","1983":"s","1984":"p","1985":"l","1986":"a","1987":"y","1988":":","1989":" ","1990":"f","1991":"l","1992":"e","1993":"x","1994":";","1995":"\\","1996":"n","1997":" ","1998":" ","1999":"h","2000":"e","2001":"i","2002":"g","2003":"h","2004":"t","2005":":","2006":" ","2007":"1","2008":"0","2009":"0","2010":"%","2011":";","2012":"\\","2013":"n","2014":" ","2015":" ","2016":"j","2017":"u","2018":"s","2019":"t","2020":"i","2021":"f","2022":"y","2023":"-","2024":"c","2025":"o","2026":"n","2027":"t","2028":"e","2029":"n","2030":"t","2031":":","2032":" ","2033":"c","2034":"e","2035":"n","2036":"t","2037":"e","2038":"r","2039":";","2040":"\\","2041":"n","2042":"}","2043":"\\","2044":"n","2045":"\\","2046":"n","2047":".","2048":"c","2049":"o","2050":"n","2051":"t","2052":"a","2053":"i","2054":"n","2055":"e","2056":"r","2057":" ","2058":"{","2059":"\\","2060":"n","2061":" ","2062":" ","2063":"b","2064":"a","2065":"c","2066":"k","2067":"g","2068":"r","2069":"o","2070":"u","2071":"n","2072":"d","2073":"-","2074":"c","2075":"o","2076":"l","2077":"o","2078":"r","2079":":","2080":" ","2081":"w","2082":"h","2083":"i","2084":"t","2085":"e","2086":";","2087":"\\","2088":"n","2089":" ","2090":" ","2091":"b","2092":"o","2093":"r","2094":"d","2095":"e","2096":"r","2097":":","2098":" ","2099":"1","2100":"p","2101":"x","2102":" ","2103":"v","2104":"a","2105":"r","2106":"(","2107":"-","2108":"-","2109":"b","2110":"s","2111":"-","2112":"b","2113":"o","2114":"r","2115":"d","2116":"e","2117":"r","2118":"-","2119":"c","2120":"o","2121":"l","2122":"o","2123":"r","2124":")","2125":" ","2126":"s","2127":"o","2128":"l","2129":"i","2130":"d","2131":";","2132":"\\","2133":"n","2134":" ","2135":" ","2136":"m","2137":"i","2138":"n","2139":"-","2140":"h","2141":"e","2142":"i","2143":"g","2144":"h","2145":"t","2146":":","2147":" ","2148":"5","2149":"5","2150":"0","2151":"p","2152":"x","2153":";","2154":"\\","2155":"n","2156":" ","2157":" ","2158":"p","2159":"a","2160":"d","2161":"d","2162":"i","2163":"n","2164":"g","2165":":","2166":" ","2167":"3","2168":"0","2169":"p","2170":"x","2171":";","2172":"\\","2173":"n","2174":"}","2175":"\\","2176":"n","2177":".","2178":"h","2179":"e","2180":"a","2181":"d","2182":"e","2183":"r","2184":" ","2185":"{","2186":"\\","2187":"n","2188":" ","2189":" ","2190":"a","2191":"l","2192":"i","2193":"g","2194":"n","2195":"-","2196":"i","2197":"t","2198":"e","2199":"m","2200":"s","2201":":","2202":" ","2203":"c","2204":"e","2205":"n","2206":"t","2207":"e","2208":"r","2209":";","2210":"\\","2211":"n","2212":" ","2213":" ","2214":"b","2215":"a","2216":"c","2217":"k","2218":"g","2219":"r","2220":"o","2221":"u","2222":"n","2223":"d","2224":"-","2225":"c","2226":"o","2227":"l","2228":"o","2229":"r","2230":":","2231":" ","2232":"r","2233":"e","2234":"d","2235":";","2236":"\\","2237":"n","2238":" ","2239":" ","2240":"c","2241":"o","2242":"l","2243":"o","2244":"r","2245":":","2246":" ","2247":"w","2248":"h","2249":"i","2250":"t","2251":"e","2252":";","2253":"\\","2254":"n","2255":" ","2256":" ","2257":"d","2258":"i","2259":"s","2260":"p","2261":"l","2262":"a","2263":"y","2264":":","2265":" ","2266":"f","2267":"l","2268":"e","2269":"x","2270":";","2271":"\\","2272":"n","2273":" ","2274":" ","2275":"f","2276":"o","2277":"n","2278":"t","2279":"-","2280":"s","2281":"i","2282":"z","2283":"e","2284":":","2285":" ","2286":"2","2287":"5","2288":"p","2289":"x","2290":";","2291":"\\","2292":"n","2293":" ","2294":" ","2295":"h","2296":"e","2297":"i","2298":"g","2299":"h","2300":"t","2301":":","2302":" ","2303":"7","2304":"5","2305":"p","2306":"x","2307":";","2308":"\\","2309":"n","2310":" ","2311":" ","2312":"p","2313":"a","2314":"d","2315":"d","2316":"i","2317":"n","2318":"g","2319":":","2320":" ","2321":"1","2322":"0","2323":"p","2324":"x","2325":" ","2326":"5","2327":"0","2328":"p","2329":"x","2330":";","2331":"\\","2332":"n","2333":" ","2334":" ","2335":"t","2336":"e","2337":"x","2338":"t","2339":"-","2340":"a","2341":"l","2342":"i","2343":"g","2344":"n","2345":":","2346":" ","2347":"s","2348":"t","2349":"a","2350":"r","2351":"t","2352":";","2353":"\\","2354":"n","2355":"}","2356":"\\","2357":"n","2358":".","2359":"t","2360":"i","2361":"t","2362":"l","2363":"e","2364":" ","2365":"{","2366":"\\","2367":"n","2368":" ","2369":" ","2370":"m","2371":"a","2372":"r","2373":"g","2374":"i","2375":"n","2376":"-","2377":"b","2378":"o","2379":"t","2380":"t","2381":"o","2382":"m","2383":":","2384":" ","2385":"5","2386":"0","2387":"p","2388":"x","2389":";","2390":"\\","2391":"n","2392":"}","2393":"\\","2394":"n","2395":"<","2396":"/","2397":"s","2398":"t","2399":"y","2400":"l","2401":"e","2402":">","2403":"\\","2404":"n","2405":"\"","2406":"]","2407":"}"},"_coverageSchema":"1a1c01bbd47fc00a2c39e90264f33305004495a9","hash":"e13fe626a5a828b9124a63df4c8602646fb2583d"}
}
