TN:
SF:src\App.vue
FN:5,render
FNF:1
FNH:0
FNDA:0,render
DA:2,0
DA:3,0
DA:4,0
DA:6,0
DA:7,0
DA:9,0
DA:10,0
LF:7
LH:0
BRF:0
BRH:0
end_of_record
TN:
SF:src\components\RegisterSuccessfulCard.vue
FN:21,render
FNF:1
FNH:1
FNDA:4,render
DA:3,2
DA:6,2
DA:7,2
DA:12,2
DA:13,2
DA:14,2
DA:15,2
DA:16,2
DA:20,2
DA:22,4
DA:29,2
DA:30,2
LF:12
LH:12
BRDA:24,0,0,3
BRDA:24,0,1,1
BRF:2
BRH:2
end_of_record
TN:
SF:src\components\SignupForm.vue
FN:3,(anonymous_0)
FN:4,(anonymous_1)
FN:13,(anonymous_2)
FN:32,(anonymous_3)
FN:38,(anonymous_4)
FN:50,(anonymous_5)
FN:78,(anonymous_6)
FN:82,(anonymous_7)
FN:114,render
FN:121,(anonymous_9)
FN:137,(anonymous_10)
FN:143,(anonymous_11)
FN:160,(anonymous_12)
FN:166,(anonymous_13)
FN:183,(anonymous_14)
FN:189,(anonymous_15)
FN:209,(anonymous_16)
FN:220,(anonymous_17)
FN:234,(anonymous_18)
FNF:19
FNH:17
FNDA:2,(anonymous_0)
FNDA:0,(anonymous_1)
FNDA:4,(anonymous_2)
FNDA:11,(anonymous_3)
FNDA:11,(anonymous_4)
FNDA:11,(anonymous_5)
FNDA:2,(anonymous_6)
FNDA:2,(anonymous_7)
FNDA:27,render
FNDA:2,(anonymous_9)
FNDA:6,(anonymous_10)
FNDA:2,(anonymous_11)
FNDA:6,(anonymous_12)
FNDA:2,(anonymous_13)
FNDA:6,(anonymous_14)
FNDA:2,(anonymous_15)
FNDA:0,(anonymous_16)
FNDA:6,(anonymous_17)
FNDA:2,(anonymous_18)
DA:3,2
DA:4,2
DA:5,0
DA:6,0
DA:7,0
DA:9,0
DA:11,2
DA:13,2
DA:14,4
DA:18,2
DA:21,2
DA:22,2
DA:23,2
DA:24,2
DA:25,2
DA:26,2
DA:27,2
DA:29,2
DA:30,2
DA:33,11
DA:39,11
DA:51,11
DA:79,2
DA:83,2
DA:98,2
DA:99,2
DA:100,2
DA:101,2
DA:102,2
DA:103,2
DA:104,2
DA:105,2
DA:106,2
DA:107,2
DA:108,2
DA:109,2
DA:110,2
DA:111,2
DA:112,2
DA:113,2
DA:115,27
DA:116,27
DA:122,2
DA:123,2
DA:124,2
DA:126,2
DA:137,6
DA:144,2
DA:160,6
DA:167,2
DA:183,6
DA:190,2
DA:209,0
DA:220,6
DA:235,2
DA:254,2
DA:255,2
LF:57
LH:52
BRDA:3,0,0,2
BRDA:3,0,1,2
BRDA:3,0,2,2
BRDA:4,1,0,2
BRDA:4,1,1,0
BRDA:7,2,0,0
BRDA:7,2,1,0
BRDA:13,3,0,2
BRDA:13,3,1,2
BRDA:13,3,2,2
BRDA:14,4,0,4
BRDA:14,4,1,0
BRDA:14,5,0,4
BRDA:14,5,1,4
BRDA:119,6,0,27
BRDA:119,6,1,11
BRDA:126,7,0,2
BRDA:126,7,1,2
BRDA:137,8,0,27
BRDA:137,8,1,11
BRDA:160,9,0,27
BRDA:160,9,1,11
BRDA:183,10,0,27
BRDA:183,10,1,11
BRDA:203,11,0,1
BRDA:203,11,1,26
BRDA:209,12,0,1
BRDA:209,12,1,1
BRDA:220,13,0,26
BRDA:220,13,1,11
BRDA:231,14,0,1
BRDA:231,14,1,26
BRF:32
BRH:28
end_of_record
TN:
SF:src\i18n\index.ts
FNF:0
FNH:0
DA:1,3
DA:2,3
DA:5,3
LF:3
LH:3
BRF:0
BRH:0
end_of_record
TN:
SF:src\i18n\locales\en.ts
FN:17,(anonymous_0)
FNF:1
FNH:1
FNDA:3,(anonymous_0)
DA:3,3
DA:18,3
LF:2
LH:2
BRF:0
BRH:0
end_of_record
TN:
SF:src\router\index.ts
FNF:0
FNH:0
DA:1,0
DA:2,0
DA:4,0
DA:17,0
DA:22,0
LF:5
LH:0
BRF:0
BRH:0
end_of_record
TN:
SF:src\views\RegisterView.vue
FN:3,(anonymous_0)
FN:21,(anonymous_1)
FN:29,(anonymous_2)
FN:43,render
FNF:4
FNH:4
FNDA:2,(anonymous_0)
FNDA:3,(anonymous_1)
FNDA:1,(anonymous_2)
FNDA:5,render
DA:3,1
DA:4,2
DA:8,1
DA:11,1
DA:12,1
DA:13,1
DA:14,1
DA:22,3
DA:30,1
DA:31,1
DA:35,1
DA:36,1
DA:37,1
DA:38,1
DA:39,1
DA:40,1
DA:41,1
DA:42,1
DA:45,5
DA:46,5
DA:47,5
DA:69,1
DA:70,1
LF:23
LH:23
BRDA:3,0,0,1
BRDA:3,0,1,1
BRDA:3,0,2,1
BRDA:4,1,0,2
BRDA:4,1,1,0
BRDA:4,2,0,2
BRDA:4,2,1,2
BRDA:56,3,0,2
BRDA:56,3,1,3
BRDA:56,4,0,3
BRDA:56,4,1,2
BRDA:56,5,0,5
BRDA:56,5,1,5
BRF:13
BRH:12
end_of_record
